[DEBUG 2018-08-31 22:11:43]cookies: {'PPY_AFFSESSID1': 's%3AYC2YCWP7JzDtDheX3QBkhlPA.vCFjK9XxSVlq5ZmAZEJyGW15bLG47i31aKG%2FSwBuORE'}
[INFO 2019-05-07 16:23:13]初始化配置文件, path=/Users/wangjuan/workpace/API_Automation/Conf/config.ini
[INFO 2019-05-07 16:23:13]执行用例集为：--allure_features=Home,Personal
[INFO 2019-05-07 16:24:01]初始化配置文件, path=/Users/wangjuan/workpace/API_Automation/Conf/config.ini
[INFO 2019-05-07 16:24:01]执行用例集为：--allure_features=Home,Personal
[INFO 2019-05-07 16:24:19]初始化配置文件, path=/Users/wangjuan/workpace/API_Automation/Conf/config.ini
[INFO 2019-05-07 16:24:19]执行用例集为：--allure_features=Home,Personal
[INFO 2019-05-07 16:25:42]初始化配置文件, path=/Users/wangjuan/workpace/API_Automation/Conf/config.ini
[INFO 2019-05-07 16:25:42]执行用例集为：--allure_features=Home,Personal
[INFO 2019-05-07 16:26:28]初始化配置文件, path=/Users/wangjuan/workpace/API_Automation/Conf/config.ini
[INFO 2019-05-07 16:26:28]执行用例集为：--allure_features=Home,Personal
[INFO 2019-05-07 16:27:08]初始化配置文件, path=/Users/wangjuan/workpace/API_Automation/Conf/config.ini
[INFO 2019-05-07 16:27:08]执行用例集为：--allure_features=Home,Personal
[INFO 2019-05-07 16:27:09]解析yaml, Path:/Users/wangjuan/workpace/API_Automation/Params/Yaml/Basic.yaml
[INFO 2019-05-07 16:27:09]解析yaml, Path:/Users/wangjuan/workpace/API_Automation/Params/Yaml/Collections.yaml
[INFO 2019-05-07 16:27:09]解析yaml, Path:/Users/wangjuan/workpace/API_Automation/Params/Yaml/Personal.yaml
[INFO 2019-05-07 16:27:09]解析yaml, Path:/Users/wangjuan/workpace/API_Automation/Params/Yaml/Login.yaml
[INFO 2019-05-07 16:27:09]解析yaml, Path:/Users/wangjuan/workpace/API_Automation/Params/Yaml/Basic.yaml
[INFO 2019-05-07 16:27:09]解析yaml, Path:/Users/wangjuan/workpace/API_Automation/Params/Yaml/Collections.yaml
[INFO 2019-05-07 16:27:09]解析yaml, Path:/Users/wangjuan/workpace/API_Automation/Params/Yaml/Personal.yaml
[INFO 2019-05-07 16:27:09]解析yaml, Path:/Users/wangjuan/workpace/API_Automation/Params/Yaml/Login.yaml
[INFO 2019-05-07 16:27:09]解析yaml, Path:/Users/wangjuan/workpace/API_Automation/Params/Yaml/Basic.yaml
[INFO 2019-05-07 16:27:09]解析yaml, Path:/Users/wangjuan/workpace/API_Automation/Params/Yaml/Collections.yaml
[INFO 2019-05-07 16:27:09]解析yaml, Path:/Users/wangjuan/workpace/API_Automation/Params/Yaml/Personal.yaml
[INFO 2019-05-07 16:27:09]解析yaml, Path:/Users/wangjuan/workpace/API_Automation/Params/Yaml/Login.yaml
[ERROR 2019-05-07 16:27:15]邮件发送失败，请检查邮件配置
[INFO 2019-05-07 16:28:14]初始化配置文件, path=/Users/wangjuan/workpace/API_Automation/Conf/config.ini
[INFO 2019-05-07 16:28:14]执行用例集为：--allure_features=Home,Personal
[INFO 2019-05-07 16:28:15]解析yaml, Path:/Users/wangjuan/workpace/API_Automation/Params/Yaml/Basic.yaml
[INFO 2019-05-07 16:28:15]解析yaml, Path:/Users/wangjuan/workpace/API_Automation/Params/Yaml/Collections.yaml
[INFO 2019-05-07 16:28:15]解析yaml, Path:/Users/wangjuan/workpace/API_Automation/Params/Yaml/Personal.yaml
[INFO 2019-05-07 16:28:15]解析yaml, Path:/Users/wangjuan/workpace/API_Automation/Params/Yaml/Login.yaml
[INFO 2019-05-07 16:28:16]解析yaml, Path:/Users/wangjuan/workpace/API_Automation/Params/Yaml/Basic.yaml
[INFO 2019-05-07 16:28:16]解析yaml, Path:/Users/wangjuan/workpace/API_Automation/Params/Yaml/Collections.yaml
[INFO 2019-05-07 16:28:16]解析yaml, Path:/Users/wangjuan/workpace/API_Automation/Params/Yaml/Personal.yaml
[INFO 2019-05-07 16:28:16]解析yaml, Path:/Users/wangjuan/workpace/API_Automation/Params/Yaml/Login.yaml
[INFO 2019-05-07 16:28:16]解析yaml, Path:/Users/wangjuan/workpace/API_Automation/Params/Yaml/Basic.yaml
[INFO 2019-05-07 16:28:16]解析yaml, Path:/Users/wangjuan/workpace/API_Automation/Params/Yaml/Collections.yaml
[INFO 2019-05-07 16:28:16]解析yaml, Path:/Users/wangjuan/workpace/API_Automation/Params/Yaml/Personal.yaml
[INFO 2019-05-07 16:28:16]解析yaml, Path:/Users/wangjuan/workpace/API_Automation/Params/Yaml/Login.yaml
[ERROR 2019-05-07 16:28:20]邮件发送失败，请检查邮件配置
[INFO 2019-05-07 16:30:37]初始化配置文件, path=/Users/wangjuan/workpace/API_Automation/Conf/config.ini
[INFO 2019-05-07 16:30:37]执行用例集为：--allure_features=Home,Personal
[INFO 2019-05-07 16:30:39]解析yaml, Path:/Users/wangjuan/workpace/API_Automation/Params/Yaml/Basic.yaml
[INFO 2019-05-07 16:30:39]解析yaml, Path:/Users/wangjuan/workpace/API_Automation/Params/Yaml/Collections.yaml
[INFO 2019-05-07 16:30:39]解析yaml, Path:/Users/wangjuan/workpace/API_Automation/Params/Yaml/Personal.yaml
[ERROR 2019-05-07 16:30:44]邮件发送失败，请检查邮件配置
[INFO 2019-05-07 16:31:07]初始化配置文件, path=/Users/wangjuan/workpace/API_Automation/Conf/config.ini
[INFO 2019-05-07 16:31:07]执行用例集为：--allure_features=Home,Personal
[INFO 2019-05-07 16:31:35]初始化配置文件, path=/Users/wangjuan/workpace/API_Automation/Conf/config.ini
[INFO 2019-05-07 16:31:35]执行用例集为：--allure_features=Home,Personal
[INFO 2019-05-07 17:04:49]初始化配置文件, path=/Users/wangjuan/workpace/API_Automation/Conf/config.ini
[INFO 2019-05-07 17:04:49]执行用例集为：--allure_features=Home,Personal
[INFO 2019-05-07 17:04:50]解析yaml, Path:/Users/wangjuan/workpace/API_Automation/Params/Yaml/Basic.yaml
[INFO 2019-05-07 17:04:50]解析yaml, Path:/Users/wangjuan/workpace/API_Automation/Params/Yaml/Collections.yaml
[INFO 2019-05-07 17:04:50]解析yaml, Path:/Users/wangjuan/workpace/API_Automation/Params/Yaml/Personal.yaml
[ERROR 2019-05-07 17:04:57]邮件发送失败，请检查邮件配置
[INFO 2019-06-03 16:33:16]初始化配置文件, path=/Users/wangjuan/workpace/API_Automation/Conf/config.ini
[INFO 2019-06-03 16:33:16]执行用例集为：--allure_features=Home,Personal
[INFO 2019-06-03 16:33:20]解析yaml, Path:/Users/wangjuan/workpace/API_Automation/Params/Yaml/Basic.yaml
[ERROR 2019-06-03 16:33:25]邮件发送失败，请检查邮件配置
[INFO 2019-07-08 17:27:58]初始化配置文件, path=/Users/wangjuan/workpace/API_Automation/Conf/config.ini
[INFO 2019-07-08 17:29:05]初始化配置文件, path=/Users/wangjuan/workpace/API_Automation/Conf/config.ini
[INFO 2019-07-08 17:30:02]初始化配置文件, path=/Users/wangjuan/workpace/API_Automation/Conf/config.ini
[INFO 2019-07-08 17:30:29]初始化配置文件, path=/Users/wangjuan/workpace/API_Automation/Conf/config.ini
[INFO 2019-07-08 17:30:57]初始化配置文件, path=/Users/wangjuan/workpace/API_Automation/Conf/config.ini
[ERROR 2019-07-08 17:31:01]邮件发送失败，请检查邮件配置
[INFO 2019-07-08 17:32:01]初始化配置文件, path=/Users/wangjuan/workpace/API_Automation/Conf/config.ini
[INFO 2019-07-08 17:33:01]初始化配置文件, path=/Users/wangjuan/workpace/API_Automation/Conf/config.ini
[INFO 2019-07-08 17:33:12]初始化配置文件, path=/Users/wangjuan/workpace/API_Automation/Conf/config.ini
[INFO 2019-07-08 17:35:06]初始化配置文件, path=/Users/wangjuan/workpace/API_Automation/Conf/config.ini
[INFO 2024-03-11 21:18:24]初始化配置文件, path=D:\PythonLearning\apitest\API_Automation-master\Conf\config.ini
[INFO 2024-03-11 21:18:26]解析yaml, Path:D:\PythonLearning\apitest\API_Automation-master/Params/Param/Basic.yaml
[INFO 2024-03-11 21:18:26]解析yaml, Path:D:\PythonLearning\apitest\API_Automation-master/Params/Param/Collections.yaml
[INFO 2024-03-11 21:18:26]解析yaml, Path:D:\PythonLearning\apitest\API_Automation-master/Params/Param/Personal.yaml
[ERROR 2024-03-11 21:18:28]邮件发送失败，请检查邮件配置
[INFO 2024-03-11 21:20:21]初始化配置文件, path=D:\PythonLearning\apitest\API_Automation-master\Conf\config.ini
[INFO 2024-03-11 21:20:23]解析yaml, Path:D:\PythonLearning\apitest\API_Automation-master/Params/Param/Basic.yaml
[INFO 2024-03-11 21:20:23]解析yaml, Path:D:\PythonLearning\apitest\API_Automation-master/Params/Param/Collections.yaml
[INFO 2024-03-11 21:20:23]解析yaml, Path:D:\PythonLearning\apitest\API_Automation-master/Params/Param/Personal.yaml
[ERROR 2024-03-11 21:20:24]邮件发送失败，请检查邮件配置
[INFO 2024-03-11 21:24:11]初始化配置文件, path=D:\PythonLearning\apitest\API_Automation-master\Conf\config.ini
[INFO 2024-03-11 21:24:12]解析yaml, Path:D:\PythonLearning\apitest\API_Automation-master/Params/Param/Basic.yaml
[INFO 2024-03-11 21:24:12]解析yaml, Path:D:\PythonLearning\apitest\API_Automation-master/Params/Param/Collections.yaml
[INFO 2024-03-11 21:24:12]解析yaml, Path:D:\PythonLearning\apitest\API_Automation-master/Params/Param/Personal.yaml
[ERROR 2024-03-11 21:24:44]邮件发送失败，请检查邮件配置
[INFO 2024-03-19 19:59:19]初始化配置文件, path=D:\PythonLearning\apitest\API_Automation-master\Conf\config.ini
[INFO 2024-03-19 20:03:04]初始化配置文件, path=D:\PythonLearning\apitest\API_Automation-master\Conf\config.ini
[INFO 2024-03-19 20:03:48]初始化配置文件, path=D:\PythonLearning\apitest\API_Automation-master\Conf\config.ini
[INFO 2024-03-19 20:05:21]初始化配置文件, path=D:\PythonLearning\apitest\API_Automation-master\Conf\config.ini
[ERROR 2024-03-19 20:05:34]邮件发送失败，请检查邮件配置
[INFO 2024-03-19 20:06:48]初始化配置文件, path=D:\PythonLearning\apitest\API_Automation-master\Conf\config.ini
[ERROR 2024-03-19 20:06:55]邮件发送失败，请检查邮件配置
[INFO 2024-03-19 20:10:59]初始化配置文件, path=D:\PythonLearning\apitest\API_Automation-master\Conf\config.ini
[INFO 2024-03-19 20:13:46]初始化配置文件, path=D:\PythonLearning\apitest\API_Automation-master\Conf\config.ini
[INFO 2024-03-19 20:15:57]初始化配置文件, path=D:\PythonLearning\apitest\API_Automation-master\Conf\config.ini
[INFO 2024-03-19 20:15:57]解析yaml, Path:D:\PythonLearning\apitest\API_Automation-master/Params/Param/Basic.yaml
[INFO 2024-03-19 20:15:57]解析yaml, Path:D:\PythonLearning\apitest\API_Automation-master/Params/Param/Collections.yaml
[INFO 2024-03-19 20:15:57]解析yaml, Path:D:\PythonLearning\apitest\API_Automation-master/Params/Param/Personal.yaml
[ERROR 2024-03-19 20:16:02]邮件发送失败，请检查邮件配置
[INFO 2024-03-19 20:22:23]初始化配置文件, path=D:\PythonLearning\apitest\API_Automation-master\Conf\config.ini
[INFO 2024-03-19 20:22:24]解析yaml, Path:D:\PythonLearning\apitest\API_Automation-master/Params/Param/Basic.yaml
[INFO 2024-03-19 20:22:24]解析yaml, Path:D:\PythonLearning\apitest\API_Automation-master/Params/Param/Collections.yaml
[INFO 2024-03-19 20:22:24]解析yaml, Path:D:\PythonLearning\apitest\API_Automation-master/Params/Param/Personal.yaml
[ERROR 2024-03-19 20:22:30]邮件发送失败，请检查邮件配置
[INFO 2024-03-19 21:25:30]初始化配置文件, path=D:\PythonLearning\apitest\API_Automation-master\Conf\config.ini
[INFO 2024-03-19 21:25:30]解析yaml, Path:D:\PythonLearning\apitest\API_Automation-master/Params/Param/Basic.yaml
[INFO 2024-03-19 21:25:30]解析yaml, Path:D:\PythonLearning\apitest\API_Automation-master/Params/Param/Collections.yaml
[INFO 2024-03-19 21:25:30]解析yaml, Path:D:\PythonLearning\apitest\API_Automation-master/Params/Param/Personal.yaml
[ERROR 2024-03-19 21:25:36]邮件发送失败，请检查邮件配置
[INFO 2024-03-19 21:28:15]初始化配置文件, path=D:\PythonLearning\apitest\API_Automation-master\Conf\config.ini
[INFO 2024-03-19 21:28:16]解析yaml, Path:D:\PythonLearning\apitest\API_Automation-master/Params/Param/Basic.yaml
[INFO 2024-03-19 21:28:16]解析yaml, Path:D:\PythonLearning\apitest\API_Automation-master/Params/Param/Collections.yaml
[INFO 2024-03-19 21:28:16]解析yaml, Path:D:\PythonLearning\apitest\API_Automation-master/Params/Param/Personal.yaml
[ERROR 2024-03-19 21:28:21]邮件发送失败，请检查邮件配置
[INFO 2024-03-20 16:29:55]初始化配置文件, path=D:\PythonLearning\apitest\API_Automation-master\Conf\config.ini
[INFO 2024-03-20 16:29:55]解析yaml, Path:D:\PythonLearning\apitest\API_Automation-master/Params/Param/Basic.yaml
[INFO 2024-03-20 16:29:56]解析yaml, Path:D:\PythonLearning\apitest\API_Automation-master/Params/Param/Collections.yaml
[INFO 2024-03-20 16:29:56]解析yaml, Path:D:\PythonLearning\apitest\API_Automation-master/Params/Param/Personal.yaml
[ERROR 2024-03-20 16:30:08]邮件发送失败，请检查邮件配置
[INFO 2024-03-20 16:44:30]初始化配置文件, path=D:\PythonLearning\apitest\API_Automation-master\Conf\config.ini
[INFO 2024-03-20 16:44:31]解析yaml, Path:D:\PythonLearning\apitest\API_Automation-master/Params/Param/Basic.yaml
[INFO 2024-03-20 16:44:31]解析yaml, Path:D:\PythonLearning\apitest\API_Automation-master/Params/Param/Collections.yaml
[INFO 2024-03-20 16:44:31]解析yaml, Path:D:\PythonLearning\apitest\API_Automation-master/Params/Param/Personal.yaml
[ERROR 2024-03-20 16:44:36]邮件发送失败，请检查邮件配置
[INFO 2024-03-20 16:46:46]初始化配置文件, path=D:\PythonLearning\apitest\API_Automation-master\Conf\config.ini
[INFO 2024-03-20 16:46:47]解析yaml, Path:D:\PythonLearning\apitest\API_Automation-master/Params/Param/Basic.yaml
[INFO 2024-03-20 16:46:47]解析yaml, Path:D:\PythonLearning\apitest\API_Automation-master/Params/Param/Collections.yaml
[INFO 2024-03-20 16:46:47]解析yaml, Path:D:\PythonLearning\apitest\API_Automation-master/Params/Param/Personal.yaml
[ERROR 2024-03-20 16:46:52]邮件发送失败，请检查邮件配置
[INFO 2024-03-20 17:03:58]初始化配置文件, path=D:\PythonLearning\apitest\API_Automation-master\Conf\config.ini
[INFO 2024-03-20 17:03:59]解析yaml, Path:D:\PythonLearning\apitest\API_Automation-master/Params/Param/Basic.yaml
[INFO 2024-03-20 17:03:59]解析yaml, Path:D:\PythonLearning\apitest\API_Automation-master/Params/Param/Collections.yaml
[INFO 2024-03-20 17:03:59]解析yaml, Path:D:\PythonLearning\apitest\API_Automation-master/Params/Param/Personal.yaml
[DEBUG 2024-03-20 17:03:59]cookies: {'glidedsky_session': 'eyJpdiI6IkUwZExPUjhISXIwV3dBeGJGVHg5WXc9PSIsInZhbHVlIjoiV3JnV1JOd2hCT1oxNnA3S0ErazdjNmZ5OFgwZE9DUWN1S0xcL0NIdnJwanNQcFhEVytNaW40eVV5amdNcDFaY3AiLCJtYWMiOiIzOTE0YmEyNzliNDYzYzE4OThjODRhZGUzZjg1NzA0ODU5ZTcyMzljOWRhOTY1ODYzZTRiNWUyOWJiY2ViOTViIn0%3D'}
[ERROR 2024-03-20 17:03:59]statusCode error, expected_code is 401, statusCode is 200 
[DEBUG 2024-03-20 17:04:00]cookies: {'glidedsky_session': 'eyJpdiI6IlFSZ291TnVVVkEzbnJwSkpFZjBXUHc9PSIsInZhbHVlIjoidXBWZmwxbEFvRFMxNDMwK3RrUXJ3TGFyRjh5bnc1dzBCbGdUaWN0N08yVVwvenduQ0J5ZjRFekxMeUJ4ZXQ1VkEiLCJtYWMiOiI3M2I5M2I1NDFkNGUxNDljNDhmMjk3MzRlYzhhZjJjNjBhNTRjNTA1MGRiYzJhZDNhMjlhN2EyZGYxNjkwYzIyIn0%3D'}
[DEBUG 2024-03-20 17:04:00]cookies: {'glidedsky_session': 'eyJpdiI6IkRvQXQ3enYxbUJUcitnYno3YmJabEE9PSIsInZhbHVlIjoibTR4K09KWVFrc0tcL3g2akEzRFJjTFE1bzZweXJMbERkZWJiWW1iRk5wTzVEeDd5WjdjKzZ0U2RQWTNrelZxaGQiLCJtYWMiOiI2ZWE1ZTQ3MTY1ZTgzOGFjNjExOGFhN2IwZjU2MGY5Nzc5YWExMGI5YTQ2NTVkNDYxMWMyNzE4MDg2M2UzMjJiIn0%3D'}
[ERROR 2024-03-20 17:04:00]statusCode error, expected_code is 200, statusCode is 404 
[DEBUG 2024-03-20 17:04:00]cookies: {'glidedsky_session': 'eyJpdiI6ImhsSHdraDZtWGhRSkZiKyt4QVIzVWc9PSIsInZhbHVlIjoiMWx3bUxBc2ltRlRWRGtwM1NCbVd5NTR4VHd4QWkrUTVRQ3Vwb1JWcXluZnpwMFBQdWczckVNTnRqZTNVNk9VaiIsIm1hYyI6ImQ0NTVmNzdhNmIyNzZiY2JlM2UxYTJlOTMwZWJiOGFhNmJhNWQ1YjQxODA5YmYwZGM1OTA5MjFmYTkxNWJkMWEifQ%3D%3D'}
[ERROR 2024-03-20 17:04:00]statusCode error, expected_code is 208, statusCode is 404 
[DEBUG 2024-03-20 17:04:00]cookies: {'glidedsky_session': 'eyJpdiI6IlVoNkRvXC9QVmhsNlEwd09PYUkxKzFnPT0iLCJ2YWx1ZSI6Ik5nc2VhdVlLZnl3VGVtM1wvK2c0VzVqaVgrTFdBNXV5d3dIUjdhbkdEcmpBTXhESUNRU3hUQllTNlBHd0QzbnF4IiwibWFjIjoiYzU3NGQ1ZTEwOTc4YTgyOTI1NDE3ZDM2YjAxOWNmOGJkNDAxYjg2ODNiYmEwN2RkODg1YjZhODYxMmM4ZDg1YyJ9'}
[DEBUG 2024-03-20 17:04:00]cookies: {'glidedsky_session': 'eyJpdiI6Im8wM05ZNFZZM296a0hPRm1cL1NYQ0l3PT0iLCJ2YWx1ZSI6IkowWGtMc0FYZkNqelVDRmE2WjNQVU0xaWxiVCtmTjJmNCtrVktqUTI0SEEzUDJFRE5BeXdwN0JWc1pVTFF3YkIiLCJtYWMiOiJkNzY1NzViYmM3ZjQ2NGY0ZWI5MjU2OWQ0OTk2YjI5YzQ4NjlkOGM0NmM1MWQ3MWEwNjc3NDQ1MzZkYTkzYzFhIn0%3D'}
[ERROR 2024-03-20 17:04:06]邮件发送失败，请检查邮件配置
[INFO 2024-03-20 17:08:34]初始化配置文件, path=D:\PythonLearning\apitest\API_Automation-master\Conf\config.ini
[INFO 2024-03-20 17:08:34]解析yaml, Path:D:\PythonLearning\apitest\API_Automation-master/Params/Param/Basic.yaml
[INFO 2024-03-20 17:08:34]解析yaml, Path:D:\PythonLearning\apitest\API_Automation-master/Params/Param/Collections.yaml
[INFO 2024-03-20 17:08:34]解析yaml, Path:D:\PythonLearning\apitest\API_Automation-master/Params/Param/Personal.yaml
[DEBUG 2024-03-20 17:08:35]cookies: {'glidedsky_session': 'eyJpdiI6InA4cEFxemxNWVNrWGU4eThEY0hDd1E9PSIsInZhbHVlIjoiS1NxUkFyWWtUU0ZlSlN0ck5KbE5veVdVRFBmK0NjTlRCa2ZlTWVXZm1TcHNxeXBPM1E0dzRLUHo0bnlhUTY4MyIsIm1hYyI6IjkyYzMzY2FmY2I4Y2NhMGRkYTZlNTJhYWU4NjgwNTI4YWMxM2EwN2NmNTA4ZmE2YWY2YjdlY2VmZWNiOTg1MDIifQ%3D%3D'}
[ERROR 2024-03-20 17:08:35]statusCode error, expected_code is 401, statusCode is 200 
[DEBUG 2024-03-20 17:08:35]cookies: {'glidedsky_session': 'eyJpdiI6IlhxWjl3MStpbkd1ZXRNckU2Wm96NkE9PSIsInZhbHVlIjoiblwvUzk4MXB4MVlINWRjZTJPd1ZUeUUyQTBPTUdubFZabG9WdmVPbys3MmlhSk03ZXpIVHNHc3Bza1plVFVzU1EiLCJtYWMiOiIxOTA4OWNjM2QzNWNlNmViOTJhNzUyYjM5OTM3ZmMzMDVhYzI4NzNiMzI4MzZjMGZkNjM3YWY2ZTdlNGQ4MmQ1In0%3D'}
[DEBUG 2024-03-20 17:08:35]cookies: {'glidedsky_session': 'eyJpdiI6IjZcLzRKRGc1eW1tcGROb0xxOUtlaE13PT0iLCJ2YWx1ZSI6IjNHclk0SkJIZnJZTW1XRlwvUlVcL0dpMzBRQ2wzYU8rTndOcEluREhjb2xMZU1FSEpsNWxWdHgremhDRUpIWG5JSSIsIm1hYyI6ImUxYjUzODU3ZDM5YTBlOTkyMzM0ZjIxYjc5ZWNmZWRlNzNjNzNkYzdjZTIzNzAwZWY5NjgyYjk0NWExOGI5OWEifQ%3D%3D'}
[ERROR 2024-03-20 17:08:35]statusCode error, expected_code is 200, statusCode is 404 
[DEBUG 2024-03-20 17:08:35]cookies: {'glidedsky_session': 'eyJpdiI6IlFzRDBjeitzWVMyYktVM21NZVp0TkE9PSIsInZhbHVlIjoiSGRORUVpbFRRelZVQXV3cTJ5Z3VsaUdTUUtORlVMdVdOQ1VoU0tSeXhxRFp1U3FSNXczSjhNVFR6aDVXS3I4dCIsIm1hYyI6Ijg5NmQwODM0NWI4OGE0ZDdlODdkZGZlNzQwMDY5MDU0MzJlOWI2OTQ5OTNjMGFjZjE4OGIxYWYxMmVmNGJkZjUifQ%3D%3D'}
[ERROR 2024-03-20 17:08:35]statusCode error, expected_code is 208, statusCode is 404 
[DEBUG 2024-03-20 17:08:36]cookies: {'glidedsky_session': 'eyJpdiI6InBHQTEwRTFJYUl3UDhnbldzajBuOVE9PSIsInZhbHVlIjoiQnhmbGNLMW9ObVJDMDFveTFZVUJIRjh0b2NhQVZ5Zm9XQ0hBZm91K3Z4Z201YVBtNHQzRWRpXC9aVTBLdzRcL0tGIiwibWFjIjoiYTBkMzliZDVhZmUwOGM1MjAzMjE4OTQzMjcxYTI4OGE3MzY5MzJmMDhmMDc0MTg1YzRjYjNkMzUwMDMxYTY3OSJ9'}
[DEBUG 2024-03-20 17:08:36]cookies: {'glidedsky_session': 'eyJpdiI6IkdQcG16b0xtY0RzWk1ZdUVOc2U3Znc9PSIsInZhbHVlIjoiZUxMZG44KzVLRlRUMDJ1ZTVsaDJteE5VVTQrR0FxSHBFZ2ZURW12bytuVUJjK1IwdjNJeVhLeGdpb0hmdERndSIsIm1hYyI6IjlmNGU3MzdkNzRjMWVlNzZkMzMzNGMyZDZmZjNmNzEzODIxZGRmYWI1M2YzYWE2MDM4NzM1MzYyMGIxNjI1MmYifQ%3D%3D'}
[ERROR 2024-03-20 17:08:41]邮件发送失败，请检查邮件配置
[INFO 2024-03-20 17:09:16]初始化配置文件, path=D:\PythonLearning\apitest\API_Automation-master\Conf\config.ini
[INFO 2024-03-20 17:09:17]解析yaml, Path:D:\PythonLearning\apitest\API_Automation-master/Params/Param/Basic.yaml
[INFO 2024-03-20 17:09:17]解析yaml, Path:D:\PythonLearning\apitest\API_Automation-master/Params/Param/Collections.yaml
[INFO 2024-03-20 17:09:17]解析yaml, Path:D:\PythonLearning\apitest\API_Automation-master/Params/Param/Personal.yaml
[DEBUG 2024-03-20 17:09:17]cookies: {'glidedsky_session': 'eyJpdiI6ImZOcTY5Q0JZSHl4aHMrSVlndG5zY0E9PSIsInZhbHVlIjoiOU5FNlBOOTFtOGV6U3hYc2hsbndUUnd4dGFTSjdSbGRWNUlwYjRYNW9ETGtUMlNvZnJYK2hrbE93QVkzVXpiSyIsIm1hYyI6ImJkYjM4YmNlNGJjMzUwZmFjMThkNmJmZjdjNzE0YjdiNTRjNmU1MmJmYTJhZDJiNGNmMThlMDIzMGY3MGM1ZDgifQ%3D%3D'}
[ERROR 2024-03-20 17:09:17]statusCode error, expected_code is 401, statusCode is 200 
[DEBUG 2024-03-20 17:09:18]cookies: {'glidedsky_session': 'eyJpdiI6IkpCSU9pbTJLaDB6Mm1tZllUMWRjenc9PSIsInZhbHVlIjoiWGQ1Q3BxcjNsWnJkR2orN1ZwWUNMcldhU0dvQmwySmNjTGVvSDhWcnh2Y2VTeGg4akJRM2ZZZDl0cDRwb1AwbCIsIm1hYyI6ImY4NWU4MTQ3NGU1OTE0MzA1OTcwMDYzMTYwMjBkZjFiMWU0ODNlNTAyYjRmNDQ0NThjOWEzMjkyMWFmOWJiNzcifQ%3D%3D'}
[DEBUG 2024-03-20 17:09:18]cookies: {'glidedsky_session': 'eyJpdiI6Ik5kdGViODIxWjZYV3o2bWhoS0dxUFE9PSIsInZhbHVlIjoiNDcrbTB4bFlkdlliZld4TVh5a29GM0pUTkFIM2pLWmVKRGJCQnFuXC9zVFpkSmUwWkVFMmVhRGMrM0hkQzFRRUciLCJtYWMiOiJlYzQyZmZkNzVkNGFjNGQwOTNlZDk1ZTlhYTEyMjAzYmNkZjUzYTU3YzEwYjA2YWVkOWZiZmU1ZDhmYTgxOTgzIn0%3D'}
[ERROR 2024-03-20 17:09:18]statusCode error, expected_code is 200, statusCode is 404 
[DEBUG 2024-03-20 17:09:18]cookies: {'glidedsky_session': 'eyJpdiI6InJDQTFIb0QwWVJxdGJkNHlMM0l0QUE9PSIsInZhbHVlIjoiXC82R2dzM0JManZGa0s3cnhZTTRwOENkeVVzSmhXT25vd29iTlp6N01OcnR1S2kxRkRXSE54QkRFVFlqWVRYR3IiLCJtYWMiOiI5MGJmYmE1MWUyMDVlNDMyMGUxYzdjMjcxNmM2NWYzMDY3MDY1Yzc5N2M3MDBjYzFiM2E3Yjk4YTRhMjg1YmYxIn0%3D'}
[ERROR 2024-03-20 17:09:18]statusCode error, expected_code is 208, statusCode is 404 
[DEBUG 2024-03-20 17:09:18]cookies: {'glidedsky_session': 'eyJpdiI6InIyaVJjdThhaUJZaDlKK3BNdzM4UWc9PSIsInZhbHVlIjoidU1zM081MlNxcWQ5dEg0U2pRRk5GNmZ0Y043bGdYVFJPN1wvcGoxczh5VHRUK1FTKzc5aXpERTRDR1V2bEVieUEiLCJtYWMiOiI2ZGNlZjU3OTIxMDM1MjkyMDllYTdkMGUxNmZjNTc0YjgwNTI5MDdjYTA0ZmQwOWU3YzU2YmY5OGUzNzJlN2U5In0%3D'}
[DEBUG 2024-03-20 17:09:18]cookies: {'glidedsky_session': 'eyJpdiI6IlNYd1lnaWJYZGVFTzJrK0JtR0hhV0E9PSIsInZhbHVlIjoiejNIVVwvVFc3VFl1b1dJT1NJY29uWUFUdzFNc1dpTUR3ZHRsNTVjQmlEZ1FxcUc3RUQyWkQ0amR2YjllVVlLdE0iLCJtYWMiOiJmYzBhNTNlNWU3OWU4YzRmMDY3ZTI5NWUwNzkyMDE3MTQxYzQwNDQ3Mjk0NDYzMmQxOGRkOGY1M2FmN2EyMjA2In0%3D'}
[ERROR 2024-03-20 17:09:24]邮件发送失败，请检查邮件配置
[INFO 2024-03-21 16:08:38]初始化配置文件, path=D:\PythonLearning\apitest\API_Automation-master\Conf\config.ini
[INFO 2024-03-21 16:08:38]解析yaml, Path:D:\PythonLearning\apitest\API_Automation-master/Params/Param/Basic.yaml
[INFO 2024-03-21 16:08:39]解析yaml, Path:D:\PythonLearning\apitest\API_Automation-master/Params/Param/Collections.yaml
[INFO 2024-03-21 16:08:39]解析yaml, Path:D:\PythonLearning\apitest\API_Automation-master/Params/Param/Personal.yaml
[DEBUG 2024-03-21 16:08:39]cookies: {'glidedsky_session': 'eyJpdiI6IkxcL1MrXC85b0JoWHUzeXB1MUdaMTk5dz09IiwidmFsdWUiOiJ5NzJyd3pzdk4wTVcxTnplbjRcLzFHR3J3ZXJzdEVwRk5scWdcLzd4aFF6YlcyMkdIVVpyOGV5ZE1BbDl2a0xpNVkiLCJtYWMiOiI1ZjJlZTcyNGJkMWZjMGJkZDk0MzYzZjdjNDU2MTU4MDZkN2Y1OThmMTY1ODhiNWVmYjE3NDYzNTQyNzUxNjBiIn0%3D'}
[ERROR 2024-03-21 16:08:39]statusCode error, expected_code is 401, statusCode is 200 
[DEBUG 2024-03-21 16:08:39]cookies: {'glidedsky_session': 'eyJpdiI6InJHdTV0d3BCN3dtdUxjWlM2Rk9SQnc9PSIsInZhbHVlIjoiSkRhUjg3V3Z1RWY3UWF6WGwwbk1hYlQrRGdRbjdhNzhQa0dqQjQyOXQ5K1wvUENsK1lqS1pkRG11K2p5YnQ4SksiLCJtYWMiOiJlMzUyOGZlYTk5NzkyOWM2NTA4ZGQ1OTBiOWFjMDJlNjYzNmNlMWRlMTc5ZTI0Nzg0MmQ4YzI5OTk3NDhiOWNjIn0%3D'}
[DEBUG 2024-03-21 16:08:40]cookies: {'glidedsky_session': 'eyJpdiI6ImZkWENsblB6MU1PQ1d6NHZKZ3RtZWc9PSIsInZhbHVlIjoieUJZdExOd2dOTU0zWWEwRDFwVG1IWCtrSENMVklJa2IyakpENkdMdkx6RkhyOWsxQlZwVU9cL3Vqc1NRSDZhd00iLCJtYWMiOiIyZGI3ZDQ0OWQ0MWEwYjMxNjY4OTQwNTBiOGU4YmYyNjk5YWQ1YzIzZjZjNTNhNDEwMzFjNThjYzkxZmMyZGQxIn0%3D'}
[ERROR 2024-03-21 16:08:40]statusCode error, expected_code is 200, statusCode is 404 
[DEBUG 2024-03-21 16:08:40]cookies: {'glidedsky_session': 'eyJpdiI6IjlyWUFTdTFibXZScWI4a29lTmM4d2c9PSIsInZhbHVlIjoiOXdVbVBIeTl5NFBndHBVU0tNUTQxcFM5bHRsbTFabndNd0Q3QVIwRWJiVTdcL2tEbHVTOEIxQ1Nua1d5OFptMzEiLCJtYWMiOiJiOTE4MGVhY2QzNTExYjFjNGI4OWZmMmRjNmFjNjQyNGRiYzFjNmZlNTMyZWNmNzY4MzhjNzQ3MzNiMWI5ZTdmIn0%3D'}
[ERROR 2024-03-21 16:08:40]statusCode error, expected_code is 208, statusCode is 404 
[DEBUG 2024-03-21 16:08:40]cookies: {'glidedsky_session': 'eyJpdiI6ImpqZ1BxSjdZWUhxZkZBamNJUUR1N3c9PSIsInZhbHVlIjoiYitpWkRnUWFZUEVUYnpQWDJqZ0pVT0w4RHJVMEtoQm01bXRmZ3IxME1TWTlrbGdwMHJiRkpnMkZnZm5weHUrUyIsIm1hYyI6IjliYTA0MDk4YjJmOWM4YTA5YTAzNjYwNjI0NTY4MWYxNWQxYmI4ZDhmNzY4ZTViMThiNThhMTcwYjA4NTg1MmIifQ%3D%3D'}
[DEBUG 2024-03-21 16:08:40]cookies: {'glidedsky_session': 'eyJpdiI6ImVRZUlmTUs4d1pZT1gwbmF1b3IxNHc9PSIsInZhbHVlIjoiNktVWFkzaGFrajRYNzJJdVwvQWR6SUZLVVpBWmdZdjF2UkFKOE0zU1JIUFJ1TzBNaXRWVURPUlJlNm9jSUlWbzgiLCJtYWMiOiJjYTdlYTgyZjlhYjhhMjQ2YWJmZTkxOTNiMDE2ZDczMDI1ZDk5MzNiYmM2YzY3Njc1ZjZkZGQxYWJkN2Q0NDdiIn0%3D'}
[ERROR 2024-03-21 16:08:52]邮件发送失败，请检查邮件配置
[INFO 2024-03-21 16:48:43]初始化配置文件, path=D:\PythonLearning\apitest\API_Automation-master\Conf\config.ini
[INFO 2024-03-21 16:48:44]解析yaml, Path:D:\PythonLearning\apitest\API_Automation-master/Params/Param/Basic.yaml
[INFO 2024-03-21 16:48:44]解析yaml, Path:D:\PythonLearning\apitest\API_Automation-master/Params/Param/Collections.yaml
[INFO 2024-03-21 16:48:44]解析yaml, Path:D:\PythonLearning\apitest\API_Automation-master/Params/Param/Personal.yaml
[DEBUG 2024-03-21 16:48:45]cookies: {'glidedsky_session': 'eyJpdiI6IktuMGs2ZmU3bXgwc1UxNHo0ZTlhRkE9PSIsInZhbHVlIjoid1VKeEt6UHAzVnZmVFlNTU5iS0diMFIwRVwvTXZZTDEyRFhvT2VcL1lwbHlNdWhvQmRVOXhoWTc5S0ZkOXYwcU5kIiwibWFjIjoiOGI4MzJkYmFhYjkyZDZiNDNlZmNkODQ2ZjNlN2JhOGFiOTQ3OGVhYTBjZjE4ODkyNzE4NDg5YTcyM2JhN2VmMyJ9'}
[ERROR 2024-03-21 16:48:45]Response body Does not contain expected_msg, expected_msg is 组合17511
[ERROR 2024-03-21 16:48:50]邮件发送失败，请检查邮件配置
[INFO 2024-03-21 16:51:36]初始化配置文件, path=D:\PythonLearning\apitest\API_Automation-master\Conf\config.ini
[INFO 2024-03-21 16:51:36]解析yaml, Path:D:\PythonLearning\apitest\API_Automation-master/Params/Param/Basic.yaml
[INFO 2024-03-21 16:51:36]解析yaml, Path:D:\PythonLearning\apitest\API_Automation-master/Params/Param/Collections.yaml
[INFO 2024-03-21 16:51:36]解析yaml, Path:D:\PythonLearning\apitest\API_Automation-master/Params/Param/Personal.yaml
[ERROR 2024-03-21 16:51:41]邮件发送失败，请检查邮件配置
[INFO 2024-03-21 16:52:43]初始化配置文件, path=D:\PythonLearning\apitest\API_Automation-master\Conf\config.ini
[INFO 2024-03-21 16:52:44]解析yaml, Path:D:\PythonLearning\apitest\API_Automation-master/Params/Param/Basic.yaml
[INFO 2024-03-21 16:52:44]解析yaml, Path:D:\PythonLearning\apitest\API_Automation-master/Params/Param/Collections.yaml
[INFO 2024-03-21 16:52:44]解析yaml, Path:D:\PythonLearning\apitest\API_Automation-master/Params/Param/Personal.yaml
[ERROR 2024-03-21 16:52:49]邮件发送失败，请检查邮件配置
[INFO 2024-03-21 17:01:51]初始化配置文件, path=D:\PythonLearning\apitest\API_Automation-master\Conf\config.ini
[INFO 2024-03-21 17:01:51]解析yaml, Path:D:\PythonLearning\apitest\API_Automation-master/Params/Param/Basic.yaml
[INFO 2024-03-21 17:01:51]解析yaml, Path:D:\PythonLearning\apitest\API_Automation-master/Params/Param/Collections.yaml
[INFO 2024-03-21 17:01:51]解析yaml, Path:D:\PythonLearning\apitest\API_Automation-master/Params/Param/Personal.yaml
[ERROR 2024-03-21 17:01:56]邮件发送失败，请检查邮件配置
[INFO 2024-03-21 17:03:42]初始化配置文件, path=D:\PythonLearning\apitest\API_Automation-master\Conf\config.ini
[ERROR 2024-03-21 17:03:47]邮件发送失败，请检查邮件配置
[INFO 2024-03-21 17:04:34]初始化配置文件, path=D:\PythonLearning\apitest\API_Automation-master\Conf\config.ini
[INFO 2024-03-21 17:04:35]解析yaml, Path:D:\PythonLearning\apitest\API_Automation-master/Params/Param/Basic.yaml
[INFO 2024-03-21 17:04:35]解析yaml, Path:D:\PythonLearning\apitest\API_Automation-master/Params/Param/Collections.yaml
[INFO 2024-03-21 17:04:35]解析yaml, Path:D:\PythonLearning\apitest\API_Automation-master/Params/Param/Personal.yaml
[ERROR 2024-03-21 17:04:39]邮件发送失败，请检查邮件配置
[INFO 2024-03-21 17:05:47]初始化配置文件, path=D:\PythonLearning\apitest\API_Automation-master\Conf\config.ini
[INFO 2024-03-21 17:05:47]解析yaml, Path:D:\PythonLearning\apitest\API_Automation-master/Params/Param/Basic.yaml
[INFO 2024-03-21 17:05:47]解析yaml, Path:D:\PythonLearning\apitest\API_Automation-master/Params/Param/Collections.yaml
[INFO 2024-03-21 17:05:47]解析yaml, Path:D:\PythonLearning\apitest\API_Automation-master/Params/Param/Personal.yaml
[INFO 2024-03-21 17:05:47]解析yaml, Path:D:\PythonLearning\apitest\API_Automation-master/Params/Param/Portfolio.yaml
[ERROR 2024-03-21 17:05:52]邮件发送失败，请检查邮件配置
[INFO 2024-03-21 17:06:43]初始化配置文件, path=D:\PythonLearning\apitest\API_Automation-master\Conf\config.ini
[INFO 2024-03-21 17:06:44]解析yaml, Path:D:\PythonLearning\apitest\API_Automation-master/Params/Param/Basic.yaml
[INFO 2024-03-21 17:06:44]解析yaml, Path:D:\PythonLearning\apitest\API_Automation-master/Params/Param/Collections.yaml
[INFO 2024-03-21 17:06:44]解析yaml, Path:D:\PythonLearning\apitest\API_Automation-master/Params/Param/Personal.yaml
[INFO 2024-03-21 17:06:44]解析yaml, Path:D:\PythonLearning\apitest\API_Automation-master/Params/Param/Portfolio.yaml
[ERROR 2024-03-21 17:06:49]邮件发送失败，请检查邮件配置
[INFO 2024-03-21 17:08:29]初始化配置文件, path=D:\PythonLearning\apitest\API_Automation-master\Conf\config.ini
[INFO 2024-03-21 17:08:30]解析yaml, Path:D:\PythonLearning\apitest\API_Automation-master/Params/Param/Basic.yaml
[INFO 2024-03-21 17:08:30]解析yaml, Path:D:\PythonLearning\apitest\API_Automation-master/Params/Param/Collections.yaml
[INFO 2024-03-21 17:08:30]解析yaml, Path:D:\PythonLearning\apitest\API_Automation-master/Params/Param/Personal.yaml
[INFO 2024-03-21 17:08:30]解析yaml, Path:D:\PythonLearning\apitest\API_Automation-master/Params/Param/Portfolio.yaml
[ERROR 2024-03-21 17:08:35]邮件发送失败，请检查邮件配置
[INFO 2024-03-21 17:11:47]初始化配置文件, path=D:\PythonLearning\apitest\API_Automation-master\Conf\config.ini
[ERROR 2024-03-21 17:11:52]邮件发送失败，请检查邮件配置
[INFO 2024-03-21 17:12:21]初始化配置文件, path=D:\PythonLearning\apitest\API_Automation-master\Conf\config.ini
[INFO 2024-03-21 17:12:21]解析yaml, Path:D:\PythonLearning\apitest\API_Automation-master/Params/Param/Basic.yaml
[INFO 2024-03-21 17:12:21]解析yaml, Path:D:\PythonLearning\apitest\API_Automation-master/Params/Param/Collections.yaml
[INFO 2024-03-21 17:12:21]解析yaml, Path:D:\PythonLearning\apitest\API_Automation-master/Params/Param/Personal.yaml
[INFO 2024-03-21 17:12:21]解析yaml, Path:D:\PythonLearning\apitest\API_Automation-master/Params/Param/Portfolio.yaml
[ERROR 2024-03-21 17:12:26]邮件发送失败，请检查邮件配置
[INFO 2024-03-21 17:13:28]初始化配置文件, path=D:\PythonLearning\apitest\API_Automation-master\Conf\config.ini
[INFO 2024-03-21 17:13:28]解析yaml, Path:D:\PythonLearning\apitest\API_Automation-master/Params/Param/Basic.yaml
[INFO 2024-03-21 17:13:28]解析yaml, Path:D:\PythonLearning\apitest\API_Automation-master/Params/Param/Collections.yaml
[INFO 2024-03-21 17:13:28]解析yaml, Path:D:\PythonLearning\apitest\API_Automation-master/Params/Param/Personal.yaml
[INFO 2024-03-21 17:13:28]解析yaml, Path:D:\PythonLearning\apitest\API_Automation-master/Params/Param/Portfolio.yaml
[ERROR 2024-03-21 17:13:33]邮件发送失败，请检查邮件配置
[INFO 2024-03-21 17:17:36]初始化配置文件, path=D:\PythonLearning\apitest\API_Automation-master\Conf\config.ini
[INFO 2024-03-21 17:17:37]解析yaml, Path:D:\PythonLearning\apitest\API_Automation-master/Params/Param/Basic.yaml
[INFO 2024-03-21 17:17:37]解析yaml, Path:D:\PythonLearning\apitest\API_Automation-master/Params/Param/Collections.yaml
[INFO 2024-03-21 17:17:37]解析yaml, Path:D:\PythonLearning\apitest\API_Automation-master/Params/Param/Personal.yaml
[INFO 2024-03-21 17:17:37]解析yaml, Path:D:\PythonLearning\apitest\API_Automation-master/Params/Param/Portfolio.yaml
[ERROR 2024-03-21 17:17:42]邮件发送失败，请检查邮件配置
[INFO 2024-03-21 17:18:33]初始化配置文件, path=D:\PythonLearning\apitest\API_Automation-master\Conf\config.ini
[INFO 2024-03-21 17:18:33]解析yaml, Path:D:\PythonLearning\apitest\API_Automation-master/Params/Param/Basic.yaml
[INFO 2024-03-21 17:18:34]解析yaml, Path:D:\PythonLearning\apitest\API_Automation-master/Params/Param/Collections.yaml
[INFO 2024-03-21 17:18:34]解析yaml, Path:D:\PythonLearning\apitest\API_Automation-master/Params/Param/Personal.yaml
[INFO 2024-03-21 17:18:34]解析yaml, Path:D:\PythonLearning\apitest\API_Automation-master/Params/Param/Portfolio.yaml
[ERROR 2024-03-21 17:18:39]邮件发送失败，请检查邮件配置
[INFO 2024-03-21 17:19:07]初始化配置文件, path=D:\PythonLearning\apitest\API_Automation-master\Conf\config.ini
[INFO 2024-03-21 17:19:08]解析yaml, Path:D:\PythonLearning\apitest\API_Automation-master/Params/Param/Basic.yaml
[INFO 2024-03-21 17:19:08]解析yaml, Path:D:\PythonLearning\apitest\API_Automation-master/Params/Param/Collections.yaml
[INFO 2024-03-21 17:19:08]解析yaml, Path:D:\PythonLearning\apitest\API_Automation-master/Params/Param/Personal.yaml
[INFO 2024-03-21 17:19:08]解析yaml, Path:D:\PythonLearning\apitest\API_Automation-master/Params/Param/Portfolio.yaml
[ERROR 2024-03-21 17:19:13]邮件发送失败，请检查邮件配置
[INFO 2024-03-21 17:20:00]初始化配置文件, path=D:\PythonLearning\apitest\API_Automation-master\Conf\config.ini
[INFO 2024-03-21 17:20:00]解析yaml, Path:D:\PythonLearning\apitest\API_Automation-master/Params/Param/Basic.yaml
[INFO 2024-03-21 17:20:00]解析yaml, Path:D:\PythonLearning\apitest\API_Automation-master/Params/Param/Collections.yaml
[INFO 2024-03-21 17:20:00]解析yaml, Path:D:\PythonLearning\apitest\API_Automation-master/Params/Param/Personal.yaml
[INFO 2024-03-21 17:20:00]解析yaml, Path:D:\PythonLearning\apitest\API_Automation-master/Params/Param/Portfolio.yaml
[ERROR 2024-03-21 17:20:06]邮件发送失败，请检查邮件配置
[INFO 2024-03-21 17:28:13]初始化配置文件, path=D:\PythonLearning\apitest\API_Automation-master\Conf\config.ini
[INFO 2024-03-21 17:28:13]解析yaml, Path:D:\PythonLearning\apitest\API_Automation-master/Params/Param/Basic.yaml
[INFO 2024-03-21 17:28:14]解析yaml, Path:D:\PythonLearning\apitest\API_Automation-master/Params/Param/Collections.yaml
[INFO 2024-03-21 17:28:14]解析yaml, Path:D:\PythonLearning\apitest\API_Automation-master/Params/Param/Personal.yaml
[INFO 2024-03-21 17:28:14]解析yaml, Path:D:\PythonLearning\apitest\API_Automation-master/Params/Param/Portfolio.yaml
[ERROR 2024-03-21 17:28:18]邮件发送失败，请检查邮件配置
[INFO 2024-03-21 19:45:21]初始化配置文件, path=D:\PythonLearning\apitest\API_Automation-master\Conf\config.ini
[INFO 2024-03-21 19:45:22]解析yaml, Path:D:\PythonLearning\apitest\API_Automation-master/Params/Param/Basic.yaml
[INFO 2024-03-21 19:45:22]解析yaml, Path:D:\PythonLearning\apitest\API_Automation-master/Params/Param/Collections.yaml
[INFO 2024-03-21 19:45:22]解析yaml, Path:D:\PythonLearning\apitest\API_Automation-master/Params/Param/Personal.yaml
[INFO 2024-03-21 19:45:22]解析yaml, Path:D:\PythonLearning\apitest\API_Automation-master/Params/Param/Portfolio.yaml
[ERROR 2024-03-21 19:45:27]邮件发送失败，请检查邮件配置
[INFO 2024-03-21 20:24:04]初始化配置文件, path=D:\PythonLearning\apitest\API_Automation-master\Conf\config.ini
[INFO 2024-03-21 20:24:04]解析yaml, Path:D:\PythonLearning\apitest\API_Automation-master/Params/Param/Basic.yaml
[INFO 2024-03-21 20:24:04]解析yaml, Path:D:\PythonLearning\apitest\API_Automation-master/Params/Param/Collections.yaml
[INFO 2024-03-21 20:24:04]解析yaml, Path:D:\PythonLearning\apitest\API_Automation-master/Params/Param/Personal.yaml
[INFO 2024-03-21 20:24:04]解析yaml, Path:D:\PythonLearning\apitest\API_Automation-master/Params/Param/Portfolio.yaml
[ERROR 2024-03-21 20:24:10]邮件发送失败，请检查邮件配置
[INFO 2024-03-21 20:26:48]初始化配置文件, path=D:\PythonLearning\apitest\API_Automation-master\Conf\config.ini
[INFO 2024-03-21 20:26:48]解析yaml, Path:D:\PythonLearning\apitest\API_Automation-master/Params/Param/Basic.yaml
[INFO 2024-03-21 20:26:48]解析yaml, Path:D:\PythonLearning\apitest\API_Automation-master/Params/Param/Collections.yaml
[INFO 2024-03-21 20:26:48]解析yaml, Path:D:\PythonLearning\apitest\API_Automation-master/Params/Param/Personal.yaml
[INFO 2024-03-21 20:26:48]解析yaml, Path:D:\PythonLearning\apitest\API_Automation-master/Params/Param/Portfolio.yaml
[ERROR 2024-03-21 20:26:49]Response time > expected_time, expected_time is 100, time is 173.795
[ERROR 2024-03-21 20:26:54]邮件发送失败，请检查邮件配置
[INFO 2024-03-21 20:28:00]初始化配置文件, path=D:\PythonLearning\apitest\API_Automation-master\Conf\config.ini
[INFO 2024-03-21 20:28:01]解析yaml, Path:D:\PythonLearning\apitest\API_Automation-master/Params/Param/Basic.yaml
[INFO 2024-03-21 20:28:01]解析yaml, Path:D:\PythonLearning\apitest\API_Automation-master/Params/Param/Collections.yaml
[INFO 2024-03-21 20:28:01]解析yaml, Path:D:\PythonLearning\apitest\API_Automation-master/Params/Param/Personal.yaml
[INFO 2024-03-21 20:28:01]解析yaml, Path:D:\PythonLearning\apitest\API_Automation-master/Params/Param/Portfolio.yaml
[ERROR 2024-03-21 20:28:06]邮件发送失败，请检查邮件配置
[INFO 2024-03-22 18:10:45]初始化配置文件, path=D:\PythonLearning\apitest\API_Automation-master\Conf\config.ini
[INFO 2024-03-22 18:10:46]解析yaml, Path:D:\PythonLearning\apitest\API_Automation-master/Params/Param/Basic.yaml
[ERROR 2024-03-22 18:10:58]邮件发送失败，请检查邮件配置
[INFO 2024-03-22 18:26:39]初始化配置文件, path=D:\PythonLearning\apitest\API_Automation-master\Conf\config.ini
[INFO 2024-03-22 18:26:40]解析yaml, Path:D:\PythonLearning\apitest\API_Automation-master/Params/Param/Basic.yaml
[INFO 2024-03-22 18:26:45]邮件发送成功
[INFO 2024-03-22 18:27:12]初始化配置文件, path=D:\PythonLearning\apitest\API_Automation-master\Conf\config.ini
[INFO 2024-03-22 18:27:13]解析yaml, Path:D:\PythonLearning\apitest\API_Automation-master/Params/Param/Basic.yaml
[INFO 2024-03-22 18:27:18]邮件发送成功
[INFO 2024-03-22 18:27:52]初始化配置文件, path=D:\PythonLearning\apitest\API_Automation-master\Conf\config.ini
[INFO 2024-03-22 18:27:52]解析yaml, Path:D:\PythonLearning\apitest\API_Automation-master/Params/Param/Basic.yaml
[INFO 2024-03-22 18:27:57]邮件发送成功
[INFO 2024-04-08 19:54:31]初始化配置文件, path=D:\PythonLearning\apitest\API_Automation-master\Conf\config.ini
[INFO 2024-04-08 19:54:31]解析yaml, Path:D:\PythonLearning\apitest\API_Automation-master/Params/Param/Basic.yaml
[INFO 2024-04-08 19:54:45]邮件发送成功
[INFO 2024-04-08 19:57:02]初始化配置文件, path=D:\PythonLearning\apitest\API_Automation-master\Conf\config.ini
[INFO 2024-04-08 19:57:03]解析yaml, Path:D:\PythonLearning\apitest\API_Automation-master/Params/Param/Basic.yaml
[INFO 2024-04-08 19:57:03]解析yaml, Path:D:\PythonLearning\apitest\API_Automation-master/Params/Param/Collections.yaml
[INFO 2024-04-08 19:57:03]解析yaml, Path:D:\PythonLearning\apitest\API_Automation-master/Params/Param/Personal.yaml
[INFO 2024-04-08 19:57:03]解析yaml, Path:D:\PythonLearning\apitest\API_Automation-master/Params/Param/Portfolio.yaml
[DEBUG 2024-04-08 19:57:04]cookies: {'PHPSESSID': 'trlpoffik7jn5uq5iodge4bbbqdqosc1'}
[INFO 2024-04-08 19:57:09]邮件发送成功
[INFO 2024-04-08 20:01:36]初始化配置文件, path=D:\PythonLearning\apitest\API_Automation-master\Conf\config.ini
[INFO 2024-04-08 20:01:37]解析yaml, Path:D:\PythonLearning\apitest\API_Automation-master/Params/Param/Basic.yaml
[INFO 2024-04-08 20:01:37]解析yaml, Path:D:\PythonLearning\apitest\API_Automation-master/Params/Param/Collections.yaml
[INFO 2024-04-08 20:01:37]解析yaml, Path:D:\PythonLearning\apitest\API_Automation-master/Params/Param/Personal.yaml
[INFO 2024-04-08 20:01:37]解析yaml, Path:D:\PythonLearning\apitest\API_Automation-master/Params/Param/Portfolio.yaml
[DEBUG 2024-04-08 20:01:37]cookies: {'PHPSESSID': 'jmiuoq92mpuk04p1frjqj8rotc4pfqhb'}
[INFO 2024-04-08 20:01:43]邮件发送成功
[INFO 2024-04-29 11:06:50]初始化配置文件, path=D:\PythonLearning\apitest\API_Automation-master\Conf\config.ini
[INFO 2024-04-29 11:06:51]解析yaml, Path:D:\PythonLearning\apitest\API_Automation-master/Params/Param/Basic.yaml
[INFO 2024-04-29 11:06:51]解析yaml, Path:D:\PythonLearning\apitest\API_Automation-master/Params/Param/Collections.yaml
[INFO 2024-04-29 11:06:51]解析yaml, Path:D:\PythonLearning\apitest\API_Automation-master/Params/Param/Personal.yaml
[INFO 2024-04-29 11:06:51]解析yaml, Path:D:\PythonLearning\apitest\API_Automation-master/Params/Param/Portfolio.yaml
[DEBUG 2024-04-29 11:06:51]cookies: {'PHPSESSID': 'v6oqobe4sloh49bf1piakvbh26tk43m9'}
[INFO 2024-04-29 11:07:05]邮件发送成功
[INFO 2024-05-10 15:52:17]初始化配置文件, path=D:\PythonLearning\apitest\API_Automation-master\Conf\config.ini
[INFO 2024-05-10 15:52:18]解析yaml, Path:D:\PythonLearning\apitest\API_Automation-master/Params/Param/Basic.yaml
[INFO 2024-05-10 15:52:18]解析yaml, Path:D:\PythonLearning\apitest\API_Automation-master/Params/Param/Collections.yaml
[INFO 2024-05-10 15:52:18]解析yaml, Path:D:\PythonLearning\apitest\API_Automation-master/Params/Param/Personal.yaml
[INFO 2024-05-10 15:52:18]解析yaml, Path:D:\PythonLearning\apitest\API_Automation-master/Params/Param/Portfolio.yaml
[INFO 2024-05-10 15:52:39]邮件发送成功
[INFO 2024-05-10 15:52:51]初始化配置文件, path=D:\PythonLearning\apitest\API_Automation-master\Conf\config.ini
[INFO 2024-05-10 15:52:52]解析yaml, Path:D:\PythonLearning\apitest\API_Automation-master/Params/Param/Basic.yaml
[INFO 2024-05-10 15:52:52]解析yaml, Path:D:\PythonLearning\apitest\API_Automation-master/Params/Param/Collections.yaml
[INFO 2024-05-10 15:52:52]解析yaml, Path:D:\PythonLearning\apitest\API_Automation-master/Params/Param/Personal.yaml
[INFO 2024-05-10 15:52:52]解析yaml, Path:D:\PythonLearning\apitest\API_Automation-master/Params/Param/Portfolio.yaml
[INFO 2024-05-10 15:53:02]邮件发送成功
[INFO 2024-05-10 15:57:28]初始化配置文件, path=D:\PythonLearning\apitest\API_Automation-master\Conf\config.ini
[INFO 2024-05-10 15:57:29]解析yaml, Path:D:\PythonLearning\apitest\API_Automation-master/Params/Param/Basic.yaml
[INFO 2024-05-10 15:57:29]解析yaml, Path:D:\PythonLearning\apitest\API_Automation-master/Params/Param/Collections.yaml
[INFO 2024-05-10 15:57:29]解析yaml, Path:D:\PythonLearning\apitest\API_Automation-master/Params/Param/Personal.yaml
[INFO 2024-05-10 15:57:29]解析yaml, Path:D:\PythonLearning\apitest\API_Automation-master/Params/Param/Portfolio.yaml
[INFO 2024-05-10 15:57:35]邮件发送成功
[INFO 2024-05-10 16:11:25]初始化配置文件, path=D:\PythonLearning\apitest\API_Automation-master\Conf\config.ini
[INFO 2024-05-10 16:11:25]解析yaml, Path:D:\PythonLearning\apitest\API_Automation-master/Params/Param/Basic.yaml
[INFO 2024-05-10 16:11:25]解析yaml, Path:D:\PythonLearning\apitest\API_Automation-master/Params/Param/Collections.yaml
[INFO 2024-05-10 16:11:25]解析yaml, Path:D:\PythonLearning\apitest\API_Automation-master/Params/Param/Personal.yaml
[INFO 2024-05-10 16:11:25]解析yaml, Path:D:\PythonLearning\apitest\API_Automation-master/Params/Param/Portfolio.yaml
[INFO 2024-05-10 16:11:32]邮件发送成功
[INFO 2024-05-10 19:49:47]初始化配置文件, path=D:\PythonLearning\apitest\API_Automation-master\Conf\config.ini
[INFO 2024-05-10 19:49:47]解析yaml, Path:D:\PythonLearning\apitest\API_Automation-master/Params/Param/Basic.yaml
[INFO 2024-05-10 19:49:47]解析yaml, Path:D:\PythonLearning\apitest\API_Automation-master/Params/Param/Collections.yaml
[INFO 2024-05-10 19:49:47]解析yaml, Path:D:\PythonLearning\apitest\API_Automation-master/Params/Param/Personal.yaml
[INFO 2024-05-10 19:49:47]解析yaml, Path:D:\PythonLearning\apitest\API_Automation-master/Params/Param/Portfolio.yaml
[INFO 2024-05-10 19:49:54]邮件发送成功
[INFO 2024-06-17 19:42:57]初始化配置文件, path=D:\PythonLearning\apitest\API_Automation-master\Conf\config.ini
[INFO 2024-06-17 19:42:58]解析yaml, Path:D:\PythonLearning\apitest\API_Automation-master/Params/Param/Basic.yaml
[INFO 2024-06-17 19:43:13]邮件发送成功
[INFO 2024-06-17 19:52:52]初始化配置文件, path=D:\PythonLearning\apitest\API_Automation-master\Conf\config.ini
[INFO 2024-06-17 19:52:53]解析yaml, Path:D:\PythonLearning\apitest\API_Automation-master/Params/Param/Basic.yaml
[INFO 2024-06-17 19:52:53]解析yaml, Path:D:\PythonLearning\apitest\API_Automation-master/Params/Param/Collections.yaml
[INFO 2024-06-17 19:52:53]解析yaml, Path:D:\PythonLearning\apitest\API_Automation-master/Params/Param/Personal.yaml
[INFO 2024-06-17 19:52:53]解析yaml, Path:D:\PythonLearning\apitest\API_Automation-master/Params/Param/Portfolio.yaml
[INFO 2024-06-17 19:52:59]邮件发送成功
[INFO 2024-06-17 20:01:31]初始化配置文件, path=D:\PythonLearning\apitest\API_Automation-master\Conf\config.ini
[INFO 2024-06-17 20:01:32]解析yaml, Path:D:\PythonLearning\apitest\API_Automation-master/Params/Param/Basic.yaml
[INFO 2024-06-17 20:01:32]解析yaml, Path:D:\PythonLearning\apitest\API_Automation-master/Params/Param/Collections.yaml
[INFO 2024-06-17 20:01:32]解析yaml, Path:D:\PythonLearning\apitest\API_Automation-master/Params/Param/Personal.yaml
[INFO 2024-06-17 20:01:32]解析yaml, Path:D:\PythonLearning\apitest\API_Automation-master/Params/Param/Portfolio.yaml
[INFO 2024-06-17 20:01:37]邮件发送成功
[INFO 2024-06-17 20:02:27]初始化配置文件, path=D:\PythonLearning\apitest\API_Automation-master\Conf\config.ini
[INFO 2024-06-17 20:02:27]解析yaml, Path:D:\PythonLearning\apitest\API_Automation-master/Params/Param/Basic.yaml
[INFO 2024-06-17 20:02:27]解析yaml, Path:D:\PythonLearning\apitest\API_Automation-master/Params/Param/Collections.yaml
[INFO 2024-06-17 20:02:27]解析yaml, Path:D:\PythonLearning\apitest\API_Automation-master/Params/Param/Personal.yaml
[INFO 2024-06-17 20:02:27]解析yaml, Path:D:\PythonLearning\apitest\API_Automation-master/Params/Param/Portfolio.yaml
[INFO 2024-06-17 20:02:32]邮件发送成功
[INFO 2024-06-17 20:03:00]初始化配置文件, path=D:\PythonLearning\apitest\API_Automation-master\Conf\config.ini
[INFO 2024-06-17 20:03:00]解析yaml, Path:D:\PythonLearning\apitest\API_Automation-master/Params/Param/Basic.yaml
[INFO 2024-06-17 20:03:00]解析yaml, Path:D:\PythonLearning\apitest\API_Automation-master/Params/Param/Collections.yaml
[INFO 2024-06-17 20:03:00]解析yaml, Path:D:\PythonLearning\apitest\API_Automation-master/Params/Param/Personal.yaml
[INFO 2024-06-17 20:03:00]解析yaml, Path:D:\PythonLearning\apitest\API_Automation-master/Params/Param/Portfolio.yaml
[INFO 2024-06-17 20:03:06]邮件发送成功
[INFO 2024-06-17 20:03:57]初始化配置文件, path=D:\PythonLearning\apitest\API_Automation-master\Conf\config.ini
[INFO 2024-06-17 20:03:57]解析yaml, Path:D:\PythonLearning\apitest\API_Automation-master/Params/Param/Basic.yaml
[INFO 2024-06-17 20:03:57]解析yaml, Path:D:\PythonLearning\apitest\API_Automation-master/Params/Param/Collections.yaml
[INFO 2024-06-17 20:03:57]解析yaml, Path:D:\PythonLearning\apitest\API_Automation-master/Params/Param/Personal.yaml
[INFO 2024-06-17 20:03:57]解析yaml, Path:D:\PythonLearning\apitest\API_Automation-master/Params/Param/Portfolio.yaml
[INFO 2024-06-17 20:04:02]邮件发送成功
[INFO 2024-06-17 20:06:48]初始化配置文件, path=D:\PythonLearning\apitest\API_Automation-master\Conf\config.ini
[INFO 2024-06-17 20:06:49]解析yaml, Path:D:\PythonLearning\apitest\API_Automation-master/Params/Param/Basic.yaml
[INFO 2024-06-17 20:06:49]解析yaml, Path:D:\PythonLearning\apitest\API_Automation-master/Params/Param/Collections.yaml
[INFO 2024-06-17 20:06:49]解析yaml, Path:D:\PythonLearning\apitest\API_Automation-master/Params/Param/Personal.yaml
[INFO 2024-06-17 20:06:49]解析yaml, Path:D:\PythonLearning\apitest\API_Automation-master/Params/Param/Portfolio.yaml
[INFO 2024-06-17 20:06:54]邮件发送成功
[INFO 2024-06-17 20:08:59]初始化配置文件, path=D:\PythonLearning\apitest\API_Automation-master\Conf\config.ini
[INFO 2024-06-17 20:08:59]解析yaml, Path:D:\PythonLearning\apitest\API_Automation-master/Params/Param/Basic.yaml
[INFO 2024-06-17 20:08:59]解析yaml, Path:D:\PythonLearning\apitest\API_Automation-master/Params/Param/Collections.yaml
[INFO 2024-06-17 20:08:59]解析yaml, Path:D:\PythonLearning\apitest\API_Automation-master/Params/Param/Personal.yaml
[INFO 2024-06-17 20:08:59]解析yaml, Path:D:\PythonLearning\apitest\API_Automation-master/Params/Param/Portfolio.yaml
[INFO 2024-06-17 20:09:04]邮件发送成功
[INFO 2024-06-17 20:14:06]初始化配置文件, path=D:\PythonLearning\apitest\API_Automation-master\Conf\config.ini
[INFO 2024-06-17 20:14:07]解析yaml, Path:D:\PythonLearning\apitest\API_Automation-master/Params/Param/Basic.yaml
[INFO 2024-06-17 20:14:07]解析yaml, Path:D:\PythonLearning\apitest\API_Automation-master/Params/Param/Collections.yaml
[INFO 2024-06-17 20:14:07]解析yaml, Path:D:\PythonLearning\apitest\API_Automation-master/Params/Param/Personal.yaml
[INFO 2024-06-17 20:14:07]解析yaml, Path:D:\PythonLearning\apitest\API_Automation-master/Params/Param/Portfolio.yaml
[INFO 2024-06-17 20:14:12]邮件发送成功
[INFO 2024-06-17 20:18:56]初始化配置文件, path=D:\PythonLearning\apitest\API_Automation-master\Conf\config.ini
[INFO 2024-06-17 20:18:57]解析yaml, Path:D:\PythonLearning\apitest\API_Automation-master/Params/Param/Basic.yaml
[INFO 2024-06-17 20:18:57]解析yaml, Path:D:\PythonLearning\apitest\API_Automation-master/Params/Param/Collections.yaml
[INFO 2024-06-17 20:18:57]解析yaml, Path:D:\PythonLearning\apitest\API_Automation-master/Params/Param/Personal.yaml
[INFO 2024-06-17 20:18:57]解析yaml, Path:D:\PythonLearning\apitest\API_Automation-master/Params/Param/Portfolio.yaml
[INFO 2024-06-17 20:19:04]邮件发送成功
[INFO 2024-06-17 20:21:09]初始化配置文件, path=D:\PythonLearning\apitest\API_Automation-master\Conf\config.ini
[INFO 2024-06-17 20:21:10]解析yaml, Path:D:\PythonLearning\apitest\API_Automation-master/Params/Param/Basic.yaml
[INFO 2024-06-17 20:21:10]解析yaml, Path:D:\PythonLearning\apitest\API_Automation-master/Params/Param/Collections.yaml
[INFO 2024-06-17 20:21:10]解析yaml, Path:D:\PythonLearning\apitest\API_Automation-master/Params/Param/Personal.yaml
[INFO 2024-06-17 20:21:10]解析yaml, Path:D:\PythonLearning\apitest\API_Automation-master/Params/Param/Portfolio.yaml
[INFO 2024-06-17 20:21:14]邮件发送成功
[INFO 2024-06-17 20:22:29]初始化配置文件, path=D:\PythonLearning\apitest\API_Automation-master\Conf\config.ini
[INFO 2024-06-17 20:22:29]解析yaml, Path:D:\PythonLearning\apitest\API_Automation-master/Params/Param/Basic.yaml
[INFO 2024-06-17 20:22:29]解析yaml, Path:D:\PythonLearning\apitest\API_Automation-master/Params/Param/Collections.yaml
[INFO 2024-06-17 20:22:29]解析yaml, Path:D:\PythonLearning\apitest\API_Automation-master/Params/Param/Personal.yaml
[INFO 2024-06-17 20:22:29]解析yaml, Path:D:\PythonLearning\apitest\API_Automation-master/Params/Param/Portfolio.yaml
[INFO 2024-06-17 20:22:34]邮件发送成功
[INFO 2024-06-17 20:24:03]初始化配置文件, path=D:\PythonLearning\apitest\API_Automation-master\Conf\config.ini
[INFO 2024-06-17 20:24:03]解析yaml, Path:D:\PythonLearning\apitest\API_Automation-master/Params/Param/Basic.yaml
[INFO 2024-06-17 20:24:03]解析yaml, Path:D:\PythonLearning\apitest\API_Automation-master/Params/Param/Collections.yaml
[INFO 2024-06-17 20:24:03]解析yaml, Path:D:\PythonLearning\apitest\API_Automation-master/Params/Param/Personal.yaml
[INFO 2024-06-17 20:24:03]解析yaml, Path:D:\PythonLearning\apitest\API_Automation-master/Params/Param/Portfolio.yaml
[INFO 2024-06-17 20:24:09]邮件发送成功
[INFO 2024-06-17 20:26:21]初始化配置文件, path=D:\PythonLearning\apitest\API_Automation-master\Conf\config.ini
[INFO 2024-06-17 20:26:21]解析yaml, Path:D:\PythonLearning\apitest\API_Automation-master/Params/Param/Basic.yaml
[INFO 2024-06-17 20:26:22]解析yaml, Path:D:\PythonLearning\apitest\API_Automation-master/Params/Param/Collections.yaml
[INFO 2024-06-17 20:26:22]解析yaml, Path:D:\PythonLearning\apitest\API_Automation-master/Params/Param/Personal.yaml
[INFO 2024-06-17 20:26:22]解析yaml, Path:D:\PythonLearning\apitest\API_Automation-master/Params/Param/Portfolio.yaml
[INFO 2024-06-17 20:26:26]邮件发送成功
[INFO 2024-06-17 20:29:57]初始化配置文件, path=D:\PythonLearning\apitest\API_Automation-master\Conf\config.ini
[INFO 2024-06-17 20:29:57]解析yaml, Path:D:\PythonLearning\apitest\API_Automation-master/Params/Param/Basic.yaml
[INFO 2024-06-17 20:29:57]解析yaml, Path:D:\PythonLearning\apitest\API_Automation-master/Params/Param/Collections.yaml
[INFO 2024-06-17 20:29:57]解析yaml, Path:D:\PythonLearning\apitest\API_Automation-master/Params/Param/Personal.yaml
[INFO 2024-06-17 20:29:57]解析yaml, Path:D:\PythonLearning\apitest\API_Automation-master/Params/Param/Portfolio.yaml
[INFO 2024-06-17 20:30:03]邮件发送成功
[INFO 2024-06-17 20:30:28]初始化配置文件, path=D:\PythonLearning\apitest\API_Automation-master\Conf\config.ini
[INFO 2024-06-17 20:30:28]解析yaml, Path:D:\PythonLearning\apitest\API_Automation-master/Params/Param/Basic.yaml
[INFO 2024-06-17 20:30:29]解析yaml, Path:D:\PythonLearning\apitest\API_Automation-master/Params/Param/Collections.yaml
[INFO 2024-06-17 20:30:29]解析yaml, Path:D:\PythonLearning\apitest\API_Automation-master/Params/Param/Personal.yaml
[INFO 2024-06-17 20:30:29]解析yaml, Path:D:\PythonLearning\apitest\API_Automation-master/Params/Param/Portfolio.yaml
[ERROR 2024-06-17 20:30:29]Response body != expected_msg, expected_msg is 361412857, body is 361412857
[INFO 2024-06-17 20:30:34]邮件发送成功
[INFO 2024-06-17 20:40:45]初始化配置文件, path=D:\PythonLearning\apitest\API_Automation-master\Conf\config.ini
[INFO 2024-06-17 20:40:45]解析yaml, Path:D:\PythonLearning\apitest\API_Automation-master/Params/Param/Basic.yaml
[INFO 2024-06-17 20:40:45]解析yaml, Path:D:\PythonLearning\apitest\API_Automation-master/Params/Param/Collections.yaml
[INFO 2024-06-17 20:40:45]解析yaml, Path:D:\PythonLearning\apitest\API_Automation-master/Params/Param/Personal.yaml
[INFO 2024-06-17 20:40:45]解析yaml, Path:D:\PythonLearning\apitest\API_Automation-master/Params/Param/Portfolio.yaml
[ERROR 2024-06-17 20:40:46]Response body != expected_msg, expected_msg is 361412857, body is 361412857
[INFO 2024-06-17 20:40:50]邮件发送成功
[INFO 2024-06-17 20:42:27]初始化配置文件, path=D:\PythonLearning\apitest\API_Automation-master\Conf\config.ini
[INFO 2024-06-17 20:42:27]解析yaml, Path:D:\PythonLearning\apitest\API_Automation-master/Params/Param/Basic.yaml
[INFO 2024-06-17 20:42:27]解析yaml, Path:D:\PythonLearning\apitest\API_Automation-master/Params/Param/Collections.yaml
[INFO 2024-06-17 20:42:27]解析yaml, Path:D:\PythonLearning\apitest\API_Automation-master/Params/Param/Personal.yaml
[INFO 2024-06-17 20:42:27]解析yaml, Path:D:\PythonLearning\apitest\API_Automation-master/Params/Param/Portfolio.yaml
[INFO 2024-06-17 20:42:32]邮件发送成功
[INFO 2024-06-17 20:43:17]初始化配置文件, path=D:\PythonLearning\apitest\API_Automation-master\Conf\config.ini
[INFO 2024-06-17 20:43:17]解析yaml, Path:D:\PythonLearning\apitest\API_Automation-master/Params/Param/Basic.yaml
[INFO 2024-06-17 20:43:17]解析yaml, Path:D:\PythonLearning\apitest\API_Automation-master/Params/Param/Collections.yaml
[INFO 2024-06-17 20:43:17]解析yaml, Path:D:\PythonLearning\apitest\API_Automation-master/Params/Param/Personal.yaml
[INFO 2024-06-17 20:43:17]解析yaml, Path:D:\PythonLearning\apitest\API_Automation-master/Params/Param/Portfolio.yaml
[INFO 2024-06-17 20:43:22]邮件发送成功
[INFO 2024-06-17 20:49:24]初始化配置文件, path=D:\PythonLearning\apitest\API_Automation-master\Conf\config.ini
[INFO 2024-06-17 20:49:25]解析yaml, Path:D:\PythonLearning\apitest\API_Automation-master/Params/Param/Basic.yaml
[INFO 2024-06-17 20:49:25]解析yaml, Path:D:\PythonLearning\apitest\API_Automation-master/Params/Param/Collections.yaml
[INFO 2024-06-17 20:49:25]解析yaml, Path:D:\PythonLearning\apitest\API_Automation-master/Params/Param/Personal.yaml
[INFO 2024-06-17 20:49:25]解析yaml, Path:D:\PythonLearning\apitest\API_Automation-master/Params/Param/Portfolio.yaml
[INFO 2024-06-17 20:49:30]邮件发送成功
[INFO 2024-06-17 20:56:50]初始化配置文件, path=D:\PythonLearning\apitest\API_Automation-master\Conf\config.ini
[INFO 2024-06-17 20:56:51]解析yaml, Path:D:\PythonLearning\apitest\API_Automation-master/Params/Param/Basic.yaml
[INFO 2024-06-17 20:56:51]解析yaml, Path:D:\PythonLearning\apitest\API_Automation-master/Params/Param/Collections.yaml
[INFO 2024-06-17 20:56:51]解析yaml, Path:D:\PythonLearning\apitest\API_Automation-master/Params/Param/Personal.yaml
[INFO 2024-06-17 20:56:51]解析yaml, Path:D:\PythonLearning\apitest\API_Automation-master/Params/Param/Portfolio.yaml
[ERROR 2024-06-17 20:56:51]Response body != expected_msg, expected_msg is 219, body is 219
[INFO 2024-06-17 20:56:56]邮件发送成功
[INFO 2024-06-17 20:57:27]初始化配置文件, path=D:\PythonLearning\apitest\API_Automation-master\Conf\config.ini
[INFO 2024-06-17 20:57:27]解析yaml, Path:D:\PythonLearning\apitest\API_Automation-master/Params/Param/Basic.yaml
[INFO 2024-06-17 20:57:27]解析yaml, Path:D:\PythonLearning\apitest\API_Automation-master/Params/Param/Collections.yaml
[INFO 2024-06-17 20:57:27]解析yaml, Path:D:\PythonLearning\apitest\API_Automation-master/Params/Param/Personal.yaml
[INFO 2024-06-17 20:57:27]解析yaml, Path:D:\PythonLearning\apitest\API_Automation-master/Params/Param/Portfolio.yaml
[ERROR 2024-06-17 20:57:28]Response body Does not contain expected_msg, expected_msg is ['平安测试券商2', '平安测试券商']
[INFO 2024-06-17 20:57:33]邮件发送成功
[INFO 2024-06-17 21:01:27]初始化配置文件, path=D:\PythonLearning\apitest\API_Automation-master\Conf\config.ini
[INFO 2024-06-17 21:01:27]解析yaml, Path:D:\PythonLearning\apitest\API_Automation-master/Params/Param/Basic.yaml
[INFO 2024-06-17 21:01:27]解析yaml, Path:D:\PythonLearning\apitest\API_Automation-master/Params/Param/Collections.yaml
[INFO 2024-06-17 21:01:27]解析yaml, Path:D:\PythonLearning\apitest\API_Automation-master/Params/Param/Personal.yaml
[INFO 2024-06-17 21:01:27]解析yaml, Path:D:\PythonLearning\apitest\API_Automation-master/Params/Param/Portfolio.yaml
[INFO 2024-06-17 21:01:32]邮件发送成功
[INFO 2024-06-17 21:02:29]初始化配置文件, path=D:\PythonLearning\apitest\API_Automation-master\Conf\config.ini
[INFO 2024-06-17 21:02:30]解析yaml, Path:D:\PythonLearning\apitest\API_Automation-master/Params/Param/Basic.yaml
[INFO 2024-06-17 21:02:30]解析yaml, Path:D:\PythonLearning\apitest\API_Automation-master/Params/Param/Collections.yaml
[INFO 2024-06-17 21:02:30]解析yaml, Path:D:\PythonLearning\apitest\API_Automation-master/Params/Param/Personal.yaml
[INFO 2024-06-17 21:02:30]解析yaml, Path:D:\PythonLearning\apitest\API_Automation-master/Params/Param/Portfolio.yaml
[INFO 2024-06-17 21:02:35]邮件发送成功
[INFO 2024-06-17 21:03:18]初始化配置文件, path=D:\PythonLearning\apitest\API_Automation-master\Conf\config.ini
[INFO 2024-06-17 21:03:18]解析yaml, Path:D:\PythonLearning\apitest\API_Automation-master/Params/Param/Basic.yaml
[INFO 2024-06-17 21:03:18]解析yaml, Path:D:\PythonLearning\apitest\API_Automation-master/Params/Param/Collections.yaml
[INFO 2024-06-17 21:03:18]解析yaml, Path:D:\PythonLearning\apitest\API_Automation-master/Params/Param/Personal.yaml
[INFO 2024-06-17 21:03:18]解析yaml, Path:D:\PythonLearning\apitest\API_Automation-master/Params/Param/Portfolio.yaml
[INFO 2024-06-17 21:03:23]邮件发送成功
[INFO 2024-06-17 21:04:05]初始化配置文件, path=D:\PythonLearning\apitest\API_Automation-master\Conf\config.ini
[INFO 2024-06-17 21:04:05]解析yaml, Path:D:\PythonLearning\apitest\API_Automation-master/Params/Param/Basic.yaml
[INFO 2024-06-17 21:04:05]解析yaml, Path:D:\PythonLearning\apitest\API_Automation-master/Params/Param/Collections.yaml
[INFO 2024-06-17 21:04:05]解析yaml, Path:D:\PythonLearning\apitest\API_Automation-master/Params/Param/Personal.yaml
[INFO 2024-06-17 21:04:05]解析yaml, Path:D:\PythonLearning\apitest\API_Automation-master/Params/Param/Portfolio.yaml
[INFO 2024-06-17 21:04:10]邮件发送成功
[INFO 2024-06-17 21:05:41]初始化配置文件, path=D:\PythonLearning\apitest\API_Automation-master\Conf\config.ini
[INFO 2024-06-17 21:05:42]解析yaml, Path:D:\PythonLearning\apitest\API_Automation-master/Params/Param/Basic.yaml
[INFO 2024-06-17 21:05:42]解析yaml, Path:D:\PythonLearning\apitest\API_Automation-master/Params/Param/Collections.yaml
[INFO 2024-06-17 21:05:42]解析yaml, Path:D:\PythonLearning\apitest\API_Automation-master/Params/Param/Personal.yaml
[INFO 2024-06-17 21:05:42]解析yaml, Path:D:\PythonLearning\apitest\API_Automation-master/Params/Param/Portfolio.yaml
[INFO 2024-06-17 21:05:47]邮件发送成功
[INFO 2024-06-17 21:06:24]初始化配置文件, path=D:\PythonLearning\apitest\API_Automation-master\Conf\config.ini
[INFO 2024-06-17 21:06:24]解析yaml, Path:D:\PythonLearning\apitest\API_Automation-master/Params/Param/Basic.yaml
[INFO 2024-06-17 21:06:24]解析yaml, Path:D:\PythonLearning\apitest\API_Automation-master/Params/Param/Collections.yaml
[INFO 2024-06-17 21:06:24]解析yaml, Path:D:\PythonLearning\apitest\API_Automation-master/Params/Param/Personal.yaml
[INFO 2024-06-17 21:06:24]解析yaml, Path:D:\PythonLearning\apitest\API_Automation-master/Params/Param/Portfolio.yaml
[INFO 2024-06-17 21:06:30]邮件发送成功
[INFO 2024-06-17 21:15:04]初始化配置文件, path=D:\PythonLearning\apitest\API_Automation-master\Conf\config.ini
[INFO 2024-06-17 21:15:04]解析yaml, Path:D:\PythonLearning\apitest\API_Automation-master/Params/Param/Basic.yaml
[INFO 2024-06-17 21:15:04]解析yaml, Path:D:\PythonLearning\apitest\API_Automation-master/Params/Param/Collections.yaml
[INFO 2024-06-17 21:15:04]解析yaml, Path:D:\PythonLearning\apitest\API_Automation-master/Params/Param/Personal.yaml
[INFO 2024-06-17 21:15:04]解析yaml, Path:D:\PythonLearning\apitest\API_Automation-master/Params/Param/Portfolio.yaml
[ERROR 2024-06-17 21:15:05]Response time > expected_time, expected_time is 100, time is 257.378
[ERROR 2024-06-17 21:15:05]Response time > expected_time, expected_time is 100, time is 104.515
[INFO 2024-06-17 21:15:11]邮件发送成功
[INFO 2024-06-17 21:18:02]初始化配置文件, path=D:\PythonLearning\apitest\API_Automation-master\Conf\config.ini
[INFO 2024-06-17 21:18:02]解析yaml, Path:D:\PythonLearning\apitest\API_Automation-master/Params/Param/Basic.yaml
[INFO 2024-06-17 21:18:02]解析yaml, Path:D:\PythonLearning\apitest\API_Automation-master/Params/Param/Collections.yaml
[INFO 2024-06-17 21:18:02]解析yaml, Path:D:\PythonLearning\apitest\API_Automation-master/Params/Param/Personal.yaml
[INFO 2024-06-17 21:18:02]解析yaml, Path:D:\PythonLearning\apitest\API_Automation-master/Params/Param/Portfolio.yaml
[INFO 2024-06-17 21:18:08]邮件发送成功
[INFO 2024-06-17 21:19:51]初始化配置文件, path=D:\PythonLearning\apitest\API_Automation-master\Conf\config.ini
[INFO 2024-06-17 21:19:52]解析yaml, Path:D:\PythonLearning\apitest\API_Automation-master/Params/Param/Basic.yaml
[INFO 2024-06-17 21:19:52]解析yaml, Path:D:\PythonLearning\apitest\API_Automation-master/Params/Param/Collections.yaml
[INFO 2024-06-17 21:19:52]解析yaml, Path:D:\PythonLearning\apitest\API_Automation-master/Params/Param/Personal.yaml
[INFO 2024-06-17 21:19:52]解析yaml, Path:D:\PythonLearning\apitest\API_Automation-master/Params/Param/Portfolio.yaml
[INFO 2024-06-17 21:19:58]邮件发送成功
[INFO 2024-06-17 21:20:52]初始化配置文件, path=D:\PythonLearning\apitest\API_Automation-master\Conf\config.ini
[INFO 2024-06-17 21:20:52]解析yaml, Path:D:\PythonLearning\apitest\API_Automation-master/Params/Param/Basic.yaml
[INFO 2024-06-17 21:20:52]解析yaml, Path:D:\PythonLearning\apitest\API_Automation-master/Params/Param/Collections.yaml
[INFO 2024-06-17 21:20:52]解析yaml, Path:D:\PythonLearning\apitest\API_Automation-master/Params/Param/Personal.yaml
[INFO 2024-06-17 21:20:52]解析yaml, Path:D:\PythonLearning\apitest\API_Automation-master/Params/Param/Portfolio.yaml
[ERROR 2024-06-17 21:20:54]Response body != expected_msg, expected_msg is Z涨停平安组合付费群5941, body is {}
[INFO 2024-06-17 21:20:58]邮件发送成功
[INFO 2024-06-17 21:26:44]初始化配置文件, path=D:\PythonLearning\apitest\API_Automation-master\Conf\config.ini
[INFO 2024-06-17 21:26:45]解析yaml, Path:D:\PythonLearning\apitest\API_Automation-master/Params/Param/Basic.yaml
[INFO 2024-06-17 21:26:45]解析yaml, Path:D:\PythonLearning\apitest\API_Automation-master/Params/Param/Collections.yaml
[INFO 2024-06-17 21:26:45]解析yaml, Path:D:\PythonLearning\apitest\API_Automation-master/Params/Param/Personal.yaml
[INFO 2024-06-17 21:26:45]解析yaml, Path:D:\PythonLearning\apitest\API_Automation-master/Params/Param/Portfolio.yaml
[INFO 2024-06-17 21:26:51]邮件发送成功
[INFO 2024-06-17 21:29:11]初始化配置文件, path=D:\PythonLearning\apitest\API_Automation-master\Conf\config.ini
[INFO 2024-06-17 21:29:11]解析yaml, Path:D:\PythonLearning\apitest\API_Automation-master/Params/Param/Basic.yaml
[INFO 2024-06-17 21:29:11]解析yaml, Path:D:\PythonLearning\apitest\API_Automation-master/Params/Param/Collections.yaml
[INFO 2024-06-17 21:29:11]解析yaml, Path:D:\PythonLearning\apitest\API_Automation-master/Params/Param/Personal.yaml
[INFO 2024-06-17 21:29:11]解析yaml, Path:D:\PythonLearning\apitest\API_Automation-master/Params/Param/Portfolio.yaml
[ERROR 2024-06-17 21:29:13]Response body != expected_msg, expected_msg is Z涨停平安组合付费群5941, body is {}
[INFO 2024-06-17 21:29:18]邮件发送成功
[INFO 2024-06-18 09:21:04]初始化配置文件, path=D:\PythonLearning\apitest\API_Automation-master\Conf\config.ini
[INFO 2024-06-18 09:21:04]解析yaml, Path:D:\PythonLearning\apitest\API_Automation-master/Params/Param/Basic.yaml
[INFO 2024-06-18 09:21:04]解析yaml, Path:D:\PythonLearning\apitest\API_Automation-master/Params/Param/Collections.yaml
[INFO 2024-06-18 09:21:04]解析yaml, Path:D:\PythonLearning\apitest\API_Automation-master/Params/Param/Personal.yaml
[INFO 2024-06-18 09:21:04]解析yaml, Path:D:\PythonLearning\apitest\API_Automation-master/Params/Param/Portfolio.yaml
[ERROR 2024-06-18 09:21:06]Response body != expected_msg, expected_msg is Z涨停平安组合付费群5941, body is {}
[INFO 2024-06-18 09:21:16]邮件发送成功
[INFO 2024-06-18 09:22:45]初始化配置文件, path=D:\PythonLearning\apitest\API_Automation-master\Conf\config.ini
[INFO 2024-06-18 09:22:45]解析yaml, Path:D:\PythonLearning\apitest\API_Automation-master/Params/Param/Basic.yaml
[INFO 2024-06-18 09:22:45]解析yaml, Path:D:\PythonLearning\apitest\API_Automation-master/Params/Param/Collections.yaml
[INFO 2024-06-18 09:22:45]解析yaml, Path:D:\PythonLearning\apitest\API_Automation-master/Params/Param/Personal.yaml
[INFO 2024-06-18 09:22:45]解析yaml, Path:D:\PythonLearning\apitest\API_Automation-master/Params/Param/Portfolio.yaml
[INFO 2024-06-18 09:22:51]邮件发送成功
[INFO 2024-06-18 09:24:28]初始化配置文件, path=D:\PythonLearning\apitest\API_Automation-master\Conf\config.ini
[INFO 2024-06-18 09:24:29]解析yaml, Path:D:\PythonLearning\apitest\API_Automation-master/Params/Param/Basic.yaml
[INFO 2024-06-18 09:24:29]解析yaml, Path:D:\PythonLearning\apitest\API_Automation-master/Params/Param/Collections.yaml
[INFO 2024-06-18 09:24:29]解析yaml, Path:D:\PythonLearning\apitest\API_Automation-master/Params/Param/Personal.yaml
[INFO 2024-06-18 09:24:29]解析yaml, Path:D:\PythonLearning\apitest\API_Automation-master/Params/Param/Portfolio.yaml
[INFO 2024-06-18 09:24:35]邮件发送成功
[INFO 2024-06-18 09:26:20]初始化配置文件, path=D:\PythonLearning\apitest\API_Automation-master\Conf\config.ini
[INFO 2024-06-18 09:26:20]解析yaml, Path:D:\PythonLearning\apitest\API_Automation-master/Params/Param/Basic.yaml
[INFO 2024-06-18 09:26:20]解析yaml, Path:D:\PythonLearning\apitest\API_Automation-master/Params/Param/Collections.yaml
[INFO 2024-06-18 09:26:20]解析yaml, Path:D:\PythonLearning\apitest\API_Automation-master/Params/Param/Personal.yaml
[INFO 2024-06-18 09:26:20]解析yaml, Path:D:\PythonLearning\apitest\API_Automation-master/Params/Param/Portfolio.yaml
[INFO 2024-06-18 09:26:26]邮件发送成功
[INFO 2024-06-18 09:27:06]初始化配置文件, path=D:\PythonLearning\apitest\API_Automation-master\Conf\config.ini
[INFO 2024-06-18 09:27:06]解析yaml, Path:D:\PythonLearning\apitest\API_Automation-master/Params/Param/Basic.yaml
[INFO 2024-06-18 09:27:06]解析yaml, Path:D:\PythonLearning\apitest\API_Automation-master/Params/Param/Collections.yaml
[INFO 2024-06-18 09:27:06]解析yaml, Path:D:\PythonLearning\apitest\API_Automation-master/Params/Param/Personal.yaml
[INFO 2024-06-18 09:27:06]解析yaml, Path:D:\PythonLearning\apitest\API_Automation-master/Params/Param/Portfolio.yaml
[INFO 2024-06-18 09:27:12]邮件发送成功
[INFO 2026-03-21 11:41:37]初始化配置文件, path=d:\UI\API_Automation-master\Conf\config.ini
[INFO 2026-03-21 11:41:45]解析yaml, Path:d:\UI\API_Automation-master/Params/Param/Basic.yaml
[INFO 2026-03-21 11:41:45]解析yaml, Path:d:\UI\API_Automation-master/Params/Param/Collections.yaml
[INFO 2026-03-21 11:41:46]解析yaml, Path:d:\UI\API_Automation-master/Params/Param/Personal.yaml
[INFO 2026-03-21 11:41:46]解析yaml, Path:d:\UI\API_Automation-master/Params/Param/Portfolio.yaml
[INFO 2026-03-21 11:41:46]解析yaml, Path:d:\UI\API_Automation-master/Params/Param/shop.yaml
[INFO 2026-03-21 11:41:48]邮件发送成功
[INFO 2026-03-21 11:43:56]初始化配置文件, path=d:\UI\API_Automation-master\Conf\config.ini
[INFO 2026-03-21 11:43:56]解析yaml, Path:d:\UI\API_Automation-master/Params/Param/Basic.yaml
[INFO 2026-03-21 11:43:56]解析yaml, Path:d:\UI\API_Automation-master/Params/Param/Collections.yaml
[INFO 2026-03-21 11:43:56]解析yaml, Path:d:\UI\API_Automation-master/Params/Param/Personal.yaml
[INFO 2026-03-21 11:43:56]解析yaml, Path:d:\UI\API_Automation-master/Params/Param/Portfolio.yaml
[INFO 2026-03-21 11:43:56]解析yaml, Path:d:\UI\API_Automation-master/Params/Param/shop.yaml
[INFO 2026-03-21 11:43:58]邮件发送成功
[INFO 2026-03-21 11:51:12]初始化配置文件, path=d:\UI\API_Automation-master\Conf\config.ini
[INFO 2026-03-21 11:51:15]解析yaml, Path:d:\UI\API_Automation-master/Params/Param/Basic.yaml
[INFO 2026-03-21 11:51:15]解析yaml, Path:d:\UI\API_Automation-master/Params/Param/Collections.yaml
[INFO 2026-03-21 11:51:15]解析yaml, Path:d:\UI\API_Automation-master/Params/Param/Personal.yaml
[INFO 2026-03-21 11:51:15]解析yaml, Path:d:\UI\API_Automation-master/Params/Param/Portfolio.yaml
[INFO 2026-03-21 11:51:15]解析yaml, Path:d:\UI\API_Automation-master/Params/Param/shop.yaml
[INFO 2026-03-21 11:51:17]邮件发送成功
[INFO 2026-03-21 11:54:30]初始化配置文件, path=D:\UI\API_Automation-master\Conf\config.ini
[INFO 2026-03-21 11:54:32]解析yaml, Path:D:\UI\API_Automation-master/Params/Param/Basic.yaml
[INFO 2026-03-21 11:54:32]解析yaml, Path:D:\UI\API_Automation-master/Params/Param/Collections.yaml
[INFO 2026-03-21 11:54:32]解析yaml, Path:D:\UI\API_Automation-master/Params/Param/Personal.yaml
[INFO 2026-03-21 11:54:32]解析yaml, Path:D:\UI\API_Automation-master/Params/Param/Portfolio.yaml
[INFO 2026-03-21 11:54:32]解析yaml, Path:D:\UI\API_Automation-master/Params/Param/shop.yaml
[INFO 2026-03-21 11:54:34]邮件发送成功
[INFO 2026-03-21 12:00:53]初始化配置文件, path=D:\UI\API_Automation-master\Conf\config.ini
[INFO 2026-03-21 12:00:55]解析yaml, Path:D:\UI\API_Automation-master/Params/Param/Basic.yaml
[INFO 2026-03-21 12:00:55]解析yaml, Path:D:\UI\API_Automation-master/Params/Param/Collections.yaml
[INFO 2026-03-21 12:00:55]解析yaml, Path:D:\UI\API_Automation-master/Params/Param/Personal.yaml
[INFO 2026-03-21 12:00:55]解析yaml, Path:D:\UI\API_Automation-master/Params/Param/Portfolio.yaml
[INFO 2026-03-21 12:00:55]解析yaml, Path:D:\UI\API_Automation-master/Params/Param/shop.yaml
[ERROR 2026-03-21 12:00:56]Response body Does not contain expected_msg, expected_msg is 1751
[ERROR 2026-03-21 12:00:59]Response body != expected_msg, expected_msg is 计算机应用, body is 软件开发
[INFO 2026-03-21 12:01:00]邮件发送成功
[INFO 2026-03-21 12:02:16]初始化配置文件, path=d:\UI\API_Automation-master\Conf\config.ini
[INFO 2026-03-21 12:02:16]解析yaml, Path:d:\UI\API_Automation-master/Params/Param/Basic.yaml
[INFO 2026-03-21 12:02:16]解析yaml, Path:d:\UI\API_Automation-master/Params/Param/Collections.yaml
[INFO 2026-03-21 12:02:16]解析yaml, Path:d:\UI\API_Automation-master/Params/Param/Personal.yaml
[INFO 2026-03-21 12:02:16]解析yaml, Path:d:\UI\API_Automation-master/Params/Param/Portfolio.yaml
[INFO 2026-03-21 12:02:16]解析yaml, Path:d:\UI\API_Automation-master/Params/Param/shop.yaml
[ERROR 2026-03-21 12:02:17]Response body Does not contain expected_msg, expected_msg is 1751
[ERROR 2026-03-21 12:02:20]Response body != expected_msg, expected_msg is 计算机应用, body is 软件开发
[INFO 2026-03-21 12:02:21]邮件发送成功
[INFO 2026-03-21 15:37:50]初始化配置文件, path=d:\UI\API_Automation-master\Conf\config.ini
[INFO 2026-03-21 15:38:13]解析yaml, Path:d:\UI\API_Automation-master/Params/Param/Basic.yaml
[INFO 2026-03-21 15:38:13]解析yaml, Path:d:\UI\API_Automation-master/Params/Param/Collections.yaml
[INFO 2026-03-21 15:38:13]解析yaml, Path:d:\UI\API_Automation-master/Params/Param/Personal.yaml
[INFO 2026-03-21 15:38:13]解析yaml, Path:d:\UI\API_Automation-master/Params/Param/Portfolio.yaml
[INFO 2026-03-21 15:38:13]解析yaml, Path:d:\UI\API_Automation-master/Params/Param/shop.yaml
[INFO 2026-03-21 15:38:24]邮件发送成功
